{"/home/julianquino/Users/src/config/mailer.js": {"path":"/home/julianquino/Users/src/config/mailer.js","statementMap":{"0":{"start":{"line":1,"column":19},"end":{"line":1,"column":40}},"1":{"start":{"line":2,"column":0},"end":{"line":10,"column":3}},"2":{"start":{"line":11,"column":0},"end":{"line":76,"column":2}},"3":{"start":{"line":12,"column":4},"end":{"line":75,"column":22}},"4":{"start":{"line":80,"column":0},"end":{"line":131,"column":2}},"5":{"start":{"line":81,"column":4},"end":{"line":130,"column":22}}},"fnMap":{"0":{"name":"(anonymous_0)","decl":{"start":{"line":11,"column":39},"end":{"line":11,"column":40}},"loc":{"start":{"line":11,"column":65},"end":{"line":76,"column":1}},"line":11},"1":{"name":"(anonymous_1)","decl":{"start":{"line":80,"column":35},"end":{"line":80,"column":36}},"loc":{"start":{"line":80,"column":61},"end":{"line":131,"column":1}},"line":80}},"branchMap":{},"s":{"0":5,"1":5,"2":5,"3":2,"4":5,"5":1},"f":{"0":2,"1":1},"b":{},"_coverageSchema":"1a1c01bbd47fc00a2c39e90264f33305004495a9","hash":"7af306ac7b76230fc9312a142d99d50d933a6c99"}
,"/home/julianquino/Users/src/controllers/adminController.js": {"path":"/home/julianquino/Users/src/controllers/adminController.js","statementMap":{"0":{"start":{"line":1,"column":14},"end":{"line":1,"column":30}},"1":{"start":{"line":2,"column":20},"end":{"line":2,"column":54}},"2":{"start":{"line":3,"column":20},"end":{"line":3,"column":54}},"3":{"start":{"line":4,"column":25},"end":{"line":4,"column":60}},"4":{"start":{"line":5,"column":18},"end":{"line":5,"column":50}},"5":{"start":{"line":6,"column":16},"end":{"line":6,"column":36}},"6":{"start":{"line":7,"column":18},"end":{"line":15,"column":2}},"7":{"start":{"line":13,"column":6},"end":{"line":13,"column":64}},"8":{"start":{"line":17,"column":15},"end":{"line":30,"column":1}},"9":{"start":{"line":18,"column":48},"end":{"line":18,"column":56}},"10":{"start":{"line":20,"column":4},"end":{"line":29,"column":5}},"11":{"start":{"line":21,"column":8},"end":{"line":22,"column":87}},"12":{"start":{"line":22,"column":12},"end":{"line":22,"column":87}},"13":{"start":{"line":24,"column":2},"end":{"line":24,"column":55}},"14":{"start":{"line":26,"column":8},"end":{"line":26,"column":58}},"15":{"start":{"line":28,"column":8},"end":{"line":28,"column":135}},"16":{"start":{"line":32,"column":15},"end":{"line":44,"column":1}},"17":{"start":{"line":33,"column":30},"end":{"line":33,"column":38}},"18":{"start":{"line":35,"column":4},"end":{"line":43,"column":5}},"19":{"start":{"line":36,"column":8},"end":{"line":37,"column":87}},"20":{"start":{"line":37,"column":12},"end":{"line":37,"column":87}},"21":{"start":{"line":38,"column":15},"end":{"line":38,"column":61}},"22":{"start":{"line":40,"column":8},"end":{"line":40,"column":67}},"23":{"start":{"line":42,"column":8},"end":{"line":42,"column":135}},"24":{"start":{"line":46,"column":18},"end":{"line":58,"column":1}},"25":{"start":{"line":47,"column":29},"end":{"line":47,"column":37}},"26":{"start":{"line":49,"column":4},"end":{"line":57,"column":5}},"27":{"start":{"line":50,"column":8},"end":{"line":51,"column":87}},"28":{"start":{"line":51,"column":12},"end":{"line":51,"column":87}},"29":{"start":{"line":52,"column":2},"end":{"line":52,"column":36}},"30":{"start":{"line":54,"column":8},"end":{"line":54,"column":79}},"31":{"start":{"line":56,"column":8},"end":{"line":56,"column":135}},"32":{"start":{"line":60,"column":19},"end":{"line":72,"column":1}},"33":{"start":{"line":61,"column":29},"end":{"line":61,"column":37}},"34":{"start":{"line":63,"column":4},"end":{"line":71,"column":5}},"35":{"start":{"line":64,"column":8},"end":{"line":65,"column":87}},"36":{"start":{"line":65,"column":12},"end":{"line":65,"column":87}},"37":{"start":{"line":66,"column":2},"end":{"line":66,"column":37}},"38":{"start":{"line":68,"column":8},"end":{"line":68,"column":58}},"39":{"start":{"line":70,"column":8},"end":{"line":70,"column":135}},"40":{"start":{"line":74,"column":18},"end":{"line":87,"column":1}},"41":{"start":{"line":75,"column":18},"end":{"line":75,"column":27}},"42":{"start":{"line":77,"column":4},"end":{"line":86,"column":5}},"43":{"start":{"line":78,"column":8},"end":{"line":79,"column":87}},"44":{"start":{"line":79,"column":12},"end":{"line":79,"column":87}},"45":{"start":{"line":81,"column":15},"end":{"line":81,"column":49}},"46":{"start":{"line":83,"column":8},"end":{"line":83,"column":37}},"47":{"start":{"line":85,"column":8},"end":{"line":85,"column":135}},"48":{"start":{"line":89,"column":19},"end":{"line":104,"column":1}},"49":{"start":{"line":90,"column":37},"end":{"line":90,"column":45}},"50":{"start":{"line":92,"column":4},"end":{"line":103,"column":5}},"51":{"start":{"line":93,"column":8},"end":{"line":94,"column":87}},"52":{"start":{"line":94,"column":12},"end":{"line":94,"column":87}},"53":{"start":{"line":96,"column":2},"end":{"line":96,"column":45}},"54":{"start":{"line":97,"column":8},"end":{"line":99,"column":3}},"55":{"start":{"line":98,"column":3},"end":{"line":98,"column":88}},"56":{"start":{"line":100,"column":8},"end":{"line":100,"column":61}},"57":{"start":{"line":102,"column":8},"end":{"line":102,"column":135}},"58":{"start":{"line":106,"column":0},"end":{"line":113,"column":1}}},"fnMap":{"0":{"name":"(anonymous_0)","decl":{"start":{"line":12,"column":18},"end":{"line":12,"column":19}},"loc":{"start":{"line":12,"column":35},"end":{"line":14,"column":5}},"line":12},"1":{"name":"(anonymous_1)","decl":{"start":{"line":17,"column":15},"end":{"line":17,"column":16}},"loc":{"start":{"line":17,"column":35},"end":{"line":30,"column":1}},"line":17},"2":{"name":"(anonymous_2)","decl":{"start":{"line":32,"column":15},"end":{"line":32,"column":16}},"loc":{"start":{"line":32,"column":35},"end":{"line":44,"column":1}},"line":32},"3":{"name":"(anonymous_3)","decl":{"start":{"line":46,"column":18},"end":{"line":46,"column":19}},"loc":{"start":{"line":46,"column":38},"end":{"line":58,"column":1}},"line":46},"4":{"name":"(anonymous_4)","decl":{"start":{"line":60,"column":19},"end":{"line":60,"column":20}},"loc":{"start":{"line":60,"column":39},"end":{"line":72,"column":1}},"line":60},"5":{"name":"(anonymous_5)","decl":{"start":{"line":74,"column":18},"end":{"line":74,"column":19}},"loc":{"start":{"line":74,"column":38},"end":{"line":87,"column":1}},"line":74},"6":{"name":"(anonymous_6)","decl":{"start":{"line":89,"column":19},"end":{"line":89,"column":20}},"loc":{"start":{"line":89,"column":39},"end":{"line":104,"column":1}},"line":89}},"branchMap":{"0":{"loc":{"start":{"line":21,"column":8},"end":{"line":22,"column":87}},"type":"if","locations":[{"start":{"line":21,"column":8},"end":{"line":22,"column":87}},{"start":{},"end":{}}],"line":21},"1":{"loc":{"start":{"line":28,"column":19},"end":{"line":28,"column":40}},"type":"binary-expr","locations":[{"start":{"line":28,"column":19},"end":{"line":28,"column":33}},{"start":{"line":28,"column":37},"end":{"line":28,"column":40}}],"line":28},"2":{"loc":{"start":{"line":28,"column":58},"end":{"line":28,"column":132}},"type":"binary-expr","locations":[{"start":{"line":28,"column":58},"end":{"line":28,"column":69}},{"start":{"line":28,"column":73},"end":{"line":28,"column":132}}],"line":28},"3":{"loc":{"start":{"line":36,"column":8},"end":{"line":37,"column":87}},"type":"if","locations":[{"start":{"line":36,"column":8},"end":{"line":37,"column":87}},{"start":{},"end":{}}],"line":36},"4":{"loc":{"start":{"line":42,"column":19},"end":{"line":42,"column":40}},"type":"binary-expr","locations":[{"start":{"line":42,"column":19},"end":{"line":42,"column":33}},{"start":{"line":42,"column":37},"end":{"line":42,"column":40}}],"line":42},"5":{"loc":{"start":{"line":42,"column":58},"end":{"line":42,"column":132}},"type":"binary-expr","locations":[{"start":{"line":42,"column":58},"end":{"line":42,"column":69}},{"start":{"line":42,"column":73},"end":{"line":42,"column":132}}],"line":42},"6":{"loc":{"start":{"line":50,"column":8},"end":{"line":51,"column":87}},"type":"if","locations":[{"start":{"line":50,"column":8},"end":{"line":51,"column":87}},{"start":{},"end":{}}],"line":50},"7":{"loc":{"start":{"line":56,"column":19},"end":{"line":56,"column":40}},"type":"binary-expr","locations":[{"start":{"line":56,"column":19},"end":{"line":56,"column":33}},{"start":{"line":56,"column":37},"end":{"line":56,"column":40}}],"line":56},"8":{"loc":{"start":{"line":56,"column":58},"end":{"line":56,"column":132}},"type":"binary-expr","locations":[{"start":{"line":56,"column":58},"end":{"line":56,"column":69}},{"start":{"line":56,"column":73},"end":{"line":56,"column":132}}],"line":56},"9":{"loc":{"start":{"line":64,"column":8},"end":{"line":65,"column":87}},"type":"if","locations":[{"start":{"line":64,"column":8},"end":{"line":65,"column":87}},{"start":{},"end":{}}],"line":64},"10":{"loc":{"start":{"line":70,"column":19},"end":{"line":70,"column":40}},"type":"binary-expr","locations":[{"start":{"line":70,"column":19},"end":{"line":70,"column":33}},{"start":{"line":70,"column":37},"end":{"line":70,"column":40}}],"line":70},"11":{"loc":{"start":{"line":70,"column":58},"end":{"line":70,"column":132}},"type":"binary-expr","locations":[{"start":{"line":70,"column":58},"end":{"line":70,"column":69}},{"start":{"line":70,"column":73},"end":{"line":70,"column":132}}],"line":70},"12":{"loc":{"start":{"line":78,"column":8},"end":{"line":79,"column":87}},"type":"if","locations":[{"start":{"line":78,"column":8},"end":{"line":79,"column":87}},{"start":{},"end":{}}],"line":78},"13":{"loc":{"start":{"line":85,"column":19},"end":{"line":85,"column":40}},"type":"binary-expr","locations":[{"start":{"line":85,"column":19},"end":{"line":85,"column":33}},{"start":{"line":85,"column":37},"end":{"line":85,"column":40}}],"line":85},"14":{"loc":{"start":{"line":85,"column":58},"end":{"line":85,"column":132}},"type":"binary-expr","locations":[{"start":{"line":85,"column":58},"end":{"line":85,"column":69}},{"start":{"line":85,"column":73},"end":{"line":85,"column":132}}],"line":85},"15":{"loc":{"start":{"line":93,"column":8},"end":{"line":94,"column":87}},"type":"if","locations":[{"start":{"line":93,"column":8},"end":{"line":94,"column":87}},{"start":{},"end":{}}],"line":93},"16":{"loc":{"start":{"line":97,"column":8},"end":{"line":99,"column":3}},"type":"if","locations":[{"start":{"line":97,"column":8},"end":{"line":99,"column":3}},{"start":{},"end":{}}],"line":97},"17":{"loc":{"start":{"line":102,"column":19},"end":{"line":102,"column":40}},"type":"binary-expr","locations":[{"start":{"line":102,"column":19},"end":{"line":102,"column":33}},{"start":{"line":102,"column":37},"end":{"line":102,"column":40}}],"line":102},"18":{"loc":{"start":{"line":102,"column":58},"end":{"line":102,"column":132}},"type":"binary-expr","locations":[{"start":{"line":102,"column":58},"end":{"line":102,"column":69}},{"start":{"line":102,"column":73},"end":{"line":102,"column":132}}],"line":102}},"s":{"0":1,"1":1,"2":1,"3":1,"4":1,"5":1,"6":1,"7":0,"8":1,"9":3,"10":3,"11":3,"12":1,"13":2,"14":1,"15":2,"16":1,"17":3,"18":3,"19":3,"20":1,"21":2,"22":1,"23":2,"24":1,"25":3,"26":3,"27":3,"28":1,"29":2,"30":1,"31":2,"32":1,"33":3,"34":3,"35":3,"36":1,"37":2,"38":1,"39":2,"40":1,"41":3,"42":3,"43":3,"44":1,"45":2,"46":1,"47":2,"48":1,"49":3,"50":3,"51":3,"52":1,"53":2,"54":1,"55":1,"56":1,"57":2,"58":1},"f":{"0":0,"1":3,"2":3,"3":3,"4":3,"5":3,"6":3},"b":{"0":[1,2],"1":[2,0],"2":[2,0],"3":[1,2],"4":[2,0],"5":[2,0],"6":[1,2],"7":[2,0],"8":[2,0],"9":[1,2],"10":[2,0],"11":[2,0],"12":[1,2],"13":[2,0],"14":[2,0],"15":[1,2],"16":[1,0],"17":[2,0],"18":[2,0]},"_coverageSchema":"1a1c01bbd47fc00a2c39e90264f33305004495a9","hash":"067f6298e9813b1f3812d9545ecce01050a4f0da"}
,"/home/julianquino/Users/src/controllers/authController.js": {"path":"/home/julianquino/Users/src/controllers/authController.js","statementMap":{"0":{"start":{"line":1,"column":14},"end":{"line":1,"column":30}},"1":{"start":{"line":2,"column":20},"end":{"line":2,"column":54}},"2":{"start":{"line":3,"column":20},"end":{"line":3,"column":54}},"3":{"start":{"line":4,"column":25},"end":{"line":4,"column":60}},"4":{"start":{"line":6,"column":16},"end":{"line":6,"column":36}},"5":{"start":{"line":7,"column":18},"end":{"line":15,"column":2}},"6":{"start":{"line":13,"column":6},"end":{"line":13,"column":64}},"7":{"start":{"line":17,"column":15},"end":{"line":27,"column":1}},"8":{"start":{"line":18,"column":42},"end":{"line":18,"column":50}},"9":{"start":{"line":20,"column":4},"end":{"line":26,"column":5}},"10":{"start":{"line":21,"column":2},"end":{"line":21,"column":54}},"11":{"start":{"line":22,"column":8},"end":{"line":22,"column":60}},"12":{"start":{"line":23,"column":8},"end":{"line":23,"column":42}},"13":{"start":{"line":25,"column":8},"end":{"line":25,"column":66}},"14":{"start":{"line":29,"column":22},"end":{"line":49,"column":1}},"15":{"start":{"line":30,"column":31},"end":{"line":30,"column":39}},"16":{"start":{"line":32,"column":4},"end":{"line":48,"column":5}},"17":{"start":{"line":33,"column":2},"end":{"line":33,"column":50}},"18":{"start":{"line":35,"column":27},"end":{"line":35,"column":90}},"19":{"start":{"line":37,"column":8},"end":{"line":45,"column":9}},"20":{"start":{"line":38,"column":12},"end":{"line":38,"column":45}},"21":{"start":{"line":39,"column":12},"end":{"line":39,"column":83}},"22":{"start":{"line":41,"column":12},"end":{"line":41,"column":75}},"23":{"start":{"line":42,"column":23},"end":{"line":42,"column":58}},"24":{"start":{"line":43,"column":12},"end":{"line":43,"column":113}},"25":{"start":{"line":44,"column":12},"end":{"line":44,"column":66}},"26":{"start":{"line":47,"column":8},"end":{"line":47,"column":135}},"27":{"start":{"line":51,"column":15},"end":{"line":62,"column":1}},"28":{"start":{"line":52,"column":39},"end":{"line":52,"column":47}},"29":{"start":{"line":54,"column":4},"end":{"line":61,"column":5}},"30":{"start":{"line":55,"column":15},"end":{"line":55,"column":65}},"31":{"start":{"line":56,"column":8},"end":{"line":56,"column":68}},"32":{"start":{"line":57,"column":8},"end":{"line":57,"column":67}},"33":{"start":{"line":59,"column":8},"end":{"line":59,"column":62}},"34":{"start":{"line":60,"column":8},"end":{"line":60,"column":66}},"35":{"start":{"line":64,"column":21},"end":{"line":82,"column":1}},"36":{"start":{"line":65,"column":27},"end":{"line":65,"column":35}},"37":{"start":{"line":67,"column":4},"end":{"line":81,"column":5}},"38":{"start":{"line":68,"column":13},"end":{"line":68,"column":56}},"39":{"start":{"line":70,"column":27},"end":{"line":70,"column":95}},"40":{"start":{"line":72,"column":8},"end":{"line":78,"column":9}},"41":{"start":{"line":73,"column":12},"end":{"line":73,"column":50}},"42":{"start":{"line":74,"column":12},"end":{"line":74,"column":83}},"43":{"start":{"line":76,"column":12},"end":{"line":76,"column":69}},"44":{"start":{"line":77,"column":12},"end":{"line":77,"column":71}},"45":{"start":{"line":80,"column":8},"end":{"line":80,"column":66}},"46":{"start":{"line":84,"column":21},"end":{"line":94,"column":1}},"47":{"start":{"line":85,"column":20},"end":{"line":85,"column":28}},"48":{"start":{"line":87,"column":4},"end":{"line":93,"column":5}},"49":{"start":{"line":88,"column":19},"end":{"line":88,"column":56}},"50":{"start":{"line":89,"column":8},"end":{"line":89,"column":73}},"51":{"start":{"line":90,"column":8},"end":{"line":90,"column":62}},"52":{"start":{"line":92,"column":8},"end":{"line":92,"column":66}},"53":{"start":{"line":95,"column":24},"end":{"line":105,"column":1}},"54":{"start":{"line":96,"column":23},"end":{"line":96,"column":31}},"55":{"start":{"line":98,"column":4},"end":{"line":104,"column":5}},"56":{"start":{"line":99,"column":2},"end":{"line":99,"column":46}},"57":{"start":{"line":100,"column":8},"end":{"line":100,"column":79}},"58":{"start":{"line":101,"column":8},"end":{"line":101,"column":42}},"59":{"start":{"line":103,"column":8},"end":{"line":103,"column":66}},"60":{"start":{"line":107,"column":34},"end":{"line":117,"column":1}},"61":{"start":{"line":108,"column":29},"end":{"line":108,"column":37}},"62":{"start":{"line":110,"column":4},"end":{"line":116,"column":5}},"63":{"start":{"line":111,"column":2},"end":{"line":111,"column":62}},"64":{"start":{"line":113,"column":8},"end":{"line":113,"column":78}},"65":{"start":{"line":115,"column":8},"end":{"line":115,"column":66}},"66":{"start":{"line":119,"column":20},"end":{"line":131,"column":1}},"67":{"start":{"line":120,"column":39},"end":{"line":120,"column":47}},"68":{"start":{"line":122,"column":4},"end":{"line":130,"column":5}},"69":{"start":{"line":123,"column":2},"end":{"line":123,"column":58}},"70":{"start":{"line":124,"column":8},"end":{"line":124,"column":78}},"71":{"start":{"line":125,"column":19},"end":{"line":125,"column":54}},"72":{"start":{"line":126,"column":8},"end":{"line":126,"column":112}},"73":{"start":{"line":127,"column":8},"end":{"line":127,"column":69}},"74":{"start":{"line":129,"column":8},"end":{"line":129,"column":66}},"75":{"start":{"line":133,"column":16},"end":{"line":143,"column":1}},"76":{"start":{"line":134,"column":23},"end":{"line":134,"column":32}},"77":{"start":{"line":136,"column":4},"end":{"line":142,"column":5}},"78":{"start":{"line":137,"column":23},"end":{"line":137,"column":58}},"79":{"start":{"line":139,"column":8},"end":{"line":139,"column":37}},"80":{"start":{"line":141,"column":8},"end":{"line":141,"column":135}},"81":{"start":{"line":145,"column":0},"end":{"line":155,"column":1}}},"fnMap":{"0":{"name":"(anonymous_0)","decl":{"start":{"line":12,"column":18},"end":{"line":12,"column":19}},"loc":{"start":{"line":12,"column":35},"end":{"line":14,"column":5}},"line":12},"1":{"name":"(anonymous_1)","decl":{"start":{"line":17,"column":15},"end":{"line":17,"column":16}},"loc":{"start":{"line":17,"column":35},"end":{"line":27,"column":1}},"line":17},"2":{"name":"(anonymous_2)","decl":{"start":{"line":29,"column":22},"end":{"line":29,"column":23}},"loc":{"start":{"line":29,"column":42},"end":{"line":49,"column":1}},"line":29},"3":{"name":"(anonymous_3)","decl":{"start":{"line":51,"column":15},"end":{"line":51,"column":16}},"loc":{"start":{"line":51,"column":35},"end":{"line":62,"column":1}},"line":51},"4":{"name":"(anonymous_4)","decl":{"start":{"line":64,"column":21},"end":{"line":64,"column":22}},"loc":{"start":{"line":64,"column":41},"end":{"line":82,"column":1}},"line":64},"5":{"name":"(anonymous_5)","decl":{"start":{"line":84,"column":21},"end":{"line":84,"column":22}},"loc":{"start":{"line":84,"column":41},"end":{"line":94,"column":1}},"line":84},"6":{"name":"(anonymous_6)","decl":{"start":{"line":95,"column":24},"end":{"line":95,"column":25}},"loc":{"start":{"line":95,"column":44},"end":{"line":105,"column":1}},"line":95},"7":{"name":"(anonymous_7)","decl":{"start":{"line":107,"column":34},"end":{"line":107,"column":35}},"loc":{"start":{"line":107,"column":54},"end":{"line":117,"column":1}},"line":107},"8":{"name":"(anonymous_8)","decl":{"start":{"line":119,"column":20},"end":{"line":119,"column":21}},"loc":{"start":{"line":119,"column":40},"end":{"line":131,"column":1}},"line":119},"9":{"name":"(anonymous_9)","decl":{"start":{"line":133,"column":16},"end":{"line":133,"column":17}},"loc":{"start":{"line":133,"column":36},"end":{"line":143,"column":1}},"line":133}},"branchMap":{"0":{"loc":{"start":{"line":37,"column":8},"end":{"line":45,"column":9}},"type":"if","locations":[{"start":{"line":37,"column":8},"end":{"line":45,"column":9}},{"start":{"line":40,"column":14},"end":{"line":45,"column":9}}],"line":37},"1":{"loc":{"start":{"line":47,"column":19},"end":{"line":47,"column":40}},"type":"binary-expr","locations":[{"start":{"line":47,"column":19},"end":{"line":47,"column":33}},{"start":{"line":47,"column":37},"end":{"line":47,"column":40}}],"line":47},"2":{"loc":{"start":{"line":47,"column":58},"end":{"line":47,"column":132}},"type":"binary-expr","locations":[{"start":{"line":47,"column":58},"end":{"line":47,"column":69}},{"start":{"line":47,"column":73},"end":{"line":47,"column":132}}],"line":47},"3":{"loc":{"start":{"line":72,"column":8},"end":{"line":78,"column":9}},"type":"if","locations":[{"start":{"line":72,"column":8},"end":{"line":78,"column":9}},{"start":{"line":75,"column":14},"end":{"line":78,"column":9}}],"line":72},"4":{"loc":{"start":{"line":141,"column":19},"end":{"line":141,"column":40}},"type":"binary-expr","locations":[{"start":{"line":141,"column":19},"end":{"line":141,"column":33}},{"start":{"line":141,"column":37},"end":{"line":141,"column":40}}],"line":141},"5":{"loc":{"start":{"line":141,"column":58},"end":{"line":141,"column":132}},"type":"binary-expr","locations":[{"start":{"line":141,"column":58},"end":{"line":141,"column":69}},{"start":{"line":141,"column":73},"end":{"line":141,"column":132}}],"line":141}},"s":{"0":1,"1":1,"2":1,"3":1,"4":1,"5":1,"6":0,"7":1,"8":2,"9":2,"10":2,"11":1,"12":1,"13":1,"14":1,"15":3,"16":3,"17":3,"18":2,"19":2,"20":1,"21":1,"22":1,"23":1,"24":1,"25":1,"26":1,"27":1,"28":2,"29":2,"30":2,"31":1,"32":1,"33":1,"34":1,"35":1,"36":3,"37":3,"38":3,"39":2,"40":2,"41":1,"42":1,"43":1,"44":1,"45":1,"46":1,"47":2,"48":2,"49":2,"50":1,"51":1,"52":1,"53":1,"54":2,"55":2,"56":2,"57":1,"58":1,"59":1,"60":1,"61":2,"62":2,"63":2,"64":1,"65":1,"66":1,"67":2,"68":2,"69":2,"70":1,"71":1,"72":1,"73":1,"74":1,"75":1,"76":2,"77":2,"78":2,"79":1,"80":1,"81":1},"f":{"0":0,"1":2,"2":3,"3":2,"4":3,"5":2,"6":2,"7":2,"8":2,"9":2},"b":{"0":[1,1],"1":[1,0],"2":[1,0],"3":[1,1],"4":[1,0],"5":[1,0]},"_coverageSchema":"1a1c01bbd47fc00a2c39e90264f33305004495a9","hash":"6a9fb2adb08e83472a60b66ba8df93a9cc4ed5de"}
,"/home/julianquino/Users/src/controllers/tokenController.js": {"path":"/home/julianquino/Users/src/controllers/tokenController.js","statementMap":{"0":{"start":{"line":1,"column":25},"end":{"line":1,"column":60}},"1":{"start":{"line":3,"column":21},"end":{"line":9,"column":1}},"2":{"start":{"line":4,"column":25},"end":{"line":4,"column":33}},"3":{"start":{"line":6,"column":4},"end":{"line":8,"column":7}},"4":{"start":{"line":11,"column":0},"end":{"line":13,"column":1}}},"fnMap":{"0":{"name":"(anonymous_0)","decl":{"start":{"line":3,"column":21},"end":{"line":3,"column":22}},"loc":{"start":{"line":3,"column":35},"end":{"line":9,"column":1}},"line":3}},"branchMap":{},"s":{"0":1,"1":1,"2":1,"3":1,"4":1},"f":{"0":1},"b":{},"_coverageSchema":"1a1c01bbd47fc00a2c39e90264f33305004495a9","hash":"48b765cfd9b9401037ec7ef10e3c7b4d3fe7cd4e"}
,"/home/julianquino/Users/src/controllers/userController.js": {"path":"/home/julianquino/Users/src/controllers/userController.js","statementMap":{"0":{"start":{"line":1,"column":20},"end":{"line":1,"column":54}},"1":{"start":{"line":3,"column":19},"end":{"line":13,"column":1}},"2":{"start":{"line":4,"column":21},"end":{"line":4,"column":30}},"3":{"start":{"line":6,"column":4},"end":{"line":12,"column":5}},"4":{"start":{"line":7,"column":18},"end":{"line":7,"column":52}},"5":{"start":{"line":9,"column":8},"end":{"line":9,"column":40}},"6":{"start":{"line":11,"column":8},"end":{"line":11,"column":66}},"7":{"start":{"line":15,"column":17},"end":{"line":25,"column":1}},"8":{"start":{"line":16,"column":18},"end":{"line":16,"column":27}},"9":{"start":{"line":18,"column":4},"end":{"line":24,"column":5}},"10":{"start":{"line":19,"column":14},"end":{"line":19,"column":47}},"11":{"start":{"line":21,"column":8},"end":{"line":21,"column":36}},"12":{"start":{"line":23,"column":8},"end":{"line":23,"column":66}},"13":{"start":{"line":27,"column":27},"end":{"line":37,"column":1}},"14":{"start":{"line":28,"column":25},"end":{"line":28,"column":33}},"15":{"start":{"line":30,"column":4},"end":{"line":36,"column":5}},"16":{"start":{"line":31,"column":8},"end":{"line":31,"column":55}},"17":{"start":{"line":33,"column":8},"end":{"line":33,"column":80}},"18":{"start":{"line":35,"column":8},"end":{"line":35,"column":135}},"19":{"start":{"line":39,"column":0},"end":{"line":43,"column":1}}},"fnMap":{"0":{"name":"(anonymous_0)","decl":{"start":{"line":3,"column":19},"end":{"line":3,"column":20}},"loc":{"start":{"line":3,"column":39},"end":{"line":13,"column":1}},"line":3},"1":{"name":"(anonymous_1)","decl":{"start":{"line":15,"column":17},"end":{"line":15,"column":18}},"loc":{"start":{"line":15,"column":37},"end":{"line":25,"column":1}},"line":15},"2":{"name":"(anonymous_2)","decl":{"start":{"line":27,"column":27},"end":{"line":27,"column":28}},"loc":{"start":{"line":27,"column":47},"end":{"line":37,"column":1}},"line":27}},"branchMap":{"0":{"loc":{"start":{"line":35,"column":19},"end":{"line":35,"column":40}},"type":"binary-expr","locations":[{"start":{"line":35,"column":19},"end":{"line":35,"column":33}},{"start":{"line":35,"column":37},"end":{"line":35,"column":40}}],"line":35},"1":{"loc":{"start":{"line":35,"column":58},"end":{"line":35,"column":132}},"type":"binary-expr","locations":[{"start":{"line":35,"column":58},"end":{"line":35,"column":69}},{"start":{"line":35,"column":73},"end":{"line":35,"column":132}}],"line":35}},"s":{"0":1,"1":1,"2":2,"3":2,"4":2,"5":1,"6":1,"7":1,"8":2,"9":2,"10":2,"11":1,"12":1,"13":1,"14":3,"15":3,"16":3,"17":1,"18":2,"19":1},"f":{"0":2,"1":2,"2":3},"b":{"0":[2,0],"1":[2,0]},"_coverageSchema":"1a1c01bbd47fc00a2c39e90264f33305004495a9","hash":"9c7ce9adeecd265ede1547945af819d3694acd62"}
,"/home/julianquino/Users/src/database/authDatabase.js": {"path":"/home/julianquino/Users/src/database/authDatabase.js","statementMap":{"0":{"start":{"line":1,"column":15},"end":{"line":1,"column":32}},"1":{"start":{"line":2,"column":15},"end":{"line":2,"column":34}},"2":{"start":{"line":3,"column":18},"end":{"line":3,"column":50}},"3":{"start":{"line":6,"column":4},"end":{"line":28,"column":5}},"4":{"start":{"line":7,"column":8},"end":{"line":19,"column":11}},"5":{"start":{"line":21,"column":8},"end":{"line":27,"column":11}},"6":{"start":{"line":24,"column":16},"end":{"line":24,"column":77}},"7":{"start":{"line":26,"column":16},"end":{"line":26,"column":102}},"8":{"start":{"line":32,"column":1},"end":{"line":54,"column":5}},"9":{"start":{"line":33,"column":19},"end":{"line":47,"column":10}},"10":{"start":{"line":49,"column":8},"end":{"line":50,"column":25}},"11":{"start":{"line":50,"column":12},"end":{"line":50,"column":25}},"12":{"start":{"line":51,"column":8},"end":{"line":51,"column":20}},"13":{"start":{"line":53,"column":8},"end":{"line":53,"column":94}},"14":{"start":{"line":58,"column":1},"end":{"line":67,"column":5}},"15":{"start":{"line":59,"column":8},"end":{"line":64,"column":11}},"16":{"start":{"line":66,"column":8},"end":{"line":66,"column":94}},"17":{"start":{"line":71,"column":1},"end":{"line":77,"column":5}},"18":{"start":{"line":72,"column":8},"end":{"line":74,"column":11}},"19":{"start":{"line":76,"column":8},"end":{"line":76,"column":94}},"20":{"start":{"line":81,"column":1},"end":{"line":93,"column":5}},"21":{"start":{"line":82,"column":24},"end":{"line":89,"column":10}},"22":{"start":{"line":90,"column":8},"end":{"line":90,"column":25}},"23":{"start":{"line":92,"column":8},"end":{"line":92,"column":94}},"24":{"start":{"line":97,"column":1},"end":{"line":105,"column":5}},"25":{"start":{"line":98,"column":8},"end":{"line":101,"column":10}},"26":{"start":{"line":104,"column":8},"end":{"line":104,"column":94}},"27":{"start":{"line":109,"column":1},"end":{"line":116,"column":5}},"28":{"start":{"line":110,"column":8},"end":{"line":112,"column":11}},"29":{"start":{"line":115,"column":8},"end":{"line":115,"column":94}},"30":{"start":{"line":120,"column":1},"end":{"line":134,"column":5}},"31":{"start":{"line":121,"column":8},"end":{"line":131,"column":11}},"32":{"start":{"line":133,"column":8},"end":{"line":133,"column":94}},"33":{"start":{"line":138,"column":19},"end":{"line":138,"column":29}},"34":{"start":{"line":139,"column":16},"end":{"line":139,"column":27}},"35":{"start":{"line":140,"column":20},"end":{"line":140,"column":35}},"36":{"start":{"line":141,"column":19},"end":{"line":141,"column":33}},"37":{"start":{"line":143,"column":1},"end":{"line":192,"column":5}},"38":{"start":{"line":144,"column":19},"end":{"line":144,"column":51}},"39":{"start":{"line":145,"column":28},"end":{"line":145,"column":62}},"40":{"start":{"line":146,"column":25},"end":{"line":146,"column":51}},"41":{"start":{"line":147,"column":21},"end":{"line":147,"column":23}},"42":{"start":{"line":148,"column":20},"end":{"line":148,"column":22}},"43":{"start":{"line":149,"column":8},"end":{"line":149,"column":32}},"44":{"start":{"line":150,"column":8},"end":{"line":152,"column":9}},"45":{"start":{"line":151,"column":12},"end":{"line":151,"column":70}},"46":{"start":{"line":153,"column":8},"end":{"line":155,"column":9}},"47":{"start":{"line":154,"column":12},"end":{"line":154,"column":64}},"48":{"start":{"line":156,"column":8},"end":{"line":163,"column":9}},"49":{"start":{"line":157,"column":12},"end":{"line":159,"column":13}},"50":{"start":{"line":158,"column":16},"end":{"line":158,"column":39}},"51":{"start":{"line":160,"column":12},"end":{"line":162,"column":13}},"52":{"start":{"line":161,"column":16},"end":{"line":161,"column":40}},"53":{"start":{"line":165,"column":8},"end":{"line":167,"column":9}},"54":{"start":{"line":166,"column":12},"end":{"line":166,"column":37}},"55":{"start":{"line":169,"column":25},"end":{"line":171,"column":10}},"56":{"start":{"line":172,"column":24},"end":{"line":172,"column":61}},"57":{"start":{"line":173,"column":26},"end":{"line":173,"column":35}},"58":{"start":{"line":174,"column":8},"end":{"line":174,"column":39}},"59":{"start":{"line":175,"column":8},"end":{"line":175,"column":37}},"60":{"start":{"line":176,"column":8},"end":{"line":176,"column":41}},"61":{"start":{"line":178,"column":8},"end":{"line":188,"column":11}},"62":{"start":{"line":189,"column":8},"end":{"line":189,"column":22}},"63":{"start":{"line":191,"column":8},"end":{"line":191,"column":94}},"64":{"start":{"line":195,"column":0},"end":{"line":205,"column":2}}},"fnMap":{"0":{"name":"createUser","decl":{"start":{"line":5,"column":15},"end":{"line":5,"column":25}},"loc":{"start":{"line":5,"column":93},"end":{"line":29,"column":1}},"line":5},"1":{"name":"verifyUser","decl":{"start":{"line":31,"column":15},"end":{"line":31,"column":25}},"loc":{"start":{"line":31,"column":60},"end":{"line":55,"column":1}},"line":31},"2":{"name":"verifyUserGoogle","decl":{"start":{"line":57,"column":15},"end":{"line":57,"column":31}},"loc":{"start":{"line":57,"column":38},"end":{"line":68,"column":1}},"line":57},"3":{"name":"getUser","decl":{"start":{"line":70,"column":15},"end":{"line":70,"column":22}},"loc":{"start":{"line":70,"column":32},"end":{"line":78,"column":1}},"line":70},"4":{"name":"searchUser","decl":{"start":{"line":80,"column":15},"end":{"line":80,"column":25}},"loc":{"start":{"line":80,"column":31},"end":{"line":94,"column":1}},"line":80},"5":{"name":"updateUser","decl":{"start":{"line":96,"column":15},"end":{"line":96,"column":25}},"loc":{"start":{"line":96,"column":31},"end":{"line":106,"column":1}},"line":96},"6":{"name":"deleteUser","decl":{"start":{"line":108,"column":15},"end":{"line":108,"column":25}},"loc":{"start":{"line":108,"column":35},"end":{"line":117,"column":1}},"line":108},"7":{"name":"isAdmin","decl":{"start":{"line":119,"column":15},"end":{"line":119,"column":22}},"loc":{"start":{"line":119,"column":39},"end":{"line":135,"column":1}},"line":119},"8":{"name":"getUsersPagination","decl":{"start":{"line":137,"column":15},"end":{"line":137,"column":33}},"loc":{"start":{"line":137,"column":49},"end":{"line":193,"column":1}},"line":137}},"branchMap":{"0":{"loc":{"start":{"line":13,"column":26},"end":{"line":13,"column":47}},"type":"cond-expr","locations":[{"start":{"line":13,"column":36},"end":{"line":13,"column":40}},{"start":{"line":13,"column":43},"end":{"line":13,"column":47}}],"line":13},"1":{"loc":{"start":{"line":21,"column":8},"end":{"line":27,"column":11}},"type":"switch","locations":[{"start":{"line":22,"column":12},"end":{"line":22,"column":25}},{"start":{"line":23,"column":12},"end":{"line":24,"column":77}},{"start":{"line":25,"column":12},"end":{"line":26,"column":102}}],"line":21},"2":{"loc":{"start":{"line":49,"column":8},"end":{"line":50,"column":25}},"type":"if","locations":[{"start":{"line":49,"column":8},"end":{"line":50,"column":25}},{"start":{},"end":{}}],"line":49},"3":{"loc":{"start":{"line":49,"column":11},"end":{"line":49,"column":64}},"type":"binary-expr","locations":[{"start":{"line":49,"column":11},"end":{"line":49,"column":16}},{"start":{"line":49,"column":20},"end":{"line":49,"column":64}}],"line":49},"4":{"loc":{"start":{"line":144,"column":19},"end":{"line":144,"column":51}},"type":"binary-expr","locations":[{"start":{"line":144,"column":19},"end":{"line":144,"column":46}},{"start":{"line":144,"column":50},"end":{"line":144,"column":51}}],"line":144},"5":{"loc":{"start":{"line":145,"column":28},"end":{"line":145,"column":62}},"type":"binary-expr","locations":[{"start":{"line":145,"column":28},"end":{"line":145,"column":57}},{"start":{"line":145,"column":61},"end":{"line":145,"column":62}}],"line":145},"6":{"loc":{"start":{"line":150,"column":8},"end":{"line":152,"column":9}},"type":"if","locations":[{"start":{"line":150,"column":8},"end":{"line":152,"column":9}},{"start":{},"end":{}}],"line":150},"7":{"loc":{"start":{"line":153,"column":8},"end":{"line":155,"column":9}},"type":"if","locations":[{"start":{"line":153,"column":8},"end":{"line":155,"column":9}},{"start":{},"end":{}}],"line":153},"8":{"loc":{"start":{"line":156,"column":8},"end":{"line":163,"column":9}},"type":"if","locations":[{"start":{"line":156,"column":8},"end":{"line":163,"column":9}},{"start":{},"end":{}}],"line":156},"9":{"loc":{"start":{"line":157,"column":12},"end":{"line":159,"column":13}},"type":"if","locations":[{"start":{"line":157,"column":12},"end":{"line":159,"column":13}},{"start":{},"end":{}}],"line":157},"10":{"loc":{"start":{"line":160,"column":12},"end":{"line":162,"column":13}},"type":"if","locations":[{"start":{"line":160,"column":12},"end":{"line":162,"column":13}},{"start":{},"end":{}}],"line":160},"11":{"loc":{"start":{"line":165,"column":8},"end":{"line":167,"column":9}},"type":"if","locations":[{"start":{"line":165,"column":8},"end":{"line":167,"column":9}},{"start":{},"end":{}}],"line":165},"12":{"loc":{"start":{"line":173,"column":26},"end":{"line":173,"column":35}},"type":"binary-expr","locations":[{"start":{"line":173,"column":26},"end":{"line":173,"column":30}},{"start":{"line":173,"column":34},"end":{"line":173,"column":35}}],"line":173}},"s":{"0":8,"1":8,"2":8,"3":4,"4":4,"5":3,"6":2,"7":1,"8":3,"9":3,"10":2,"11":1,"12":1,"13":1,"14":2,"15":2,"16":1,"17":2,"18":2,"19":1,"20":2,"21":2,"22":1,"23":1,"24":2,"25":2,"26":1,"27":2,"28":2,"29":1,"30":2,"31":2,"32":1,"33":3,"34":3,"35":3,"36":3,"37":3,"38":3,"39":3,"40":3,"41":3,"42":3,"43":3,"44":3,"45":3,"46":3,"47":3,"48":3,"49":3,"50":1,"51":3,"52":1,"53":3,"54":1,"55":3,"56":2,"57":2,"58":2,"59":2,"60":2,"61":2,"62":2,"63":1,"64":8},"f":{"0":4,"1":3,"2":2,"3":2,"4":2,"5":2,"6":2,"7":2,"8":3},"b":{"0":[0,4],"1":[1,2,1],"2":[1,1],"3":[2,1],"4":[3,0],"5":[3,0],"6":[3,0],"7":[3,0],"8":[3,0],"9":[1,2],"10":[1,2],"11":[1,2],"12":[2,0]},"_coverageSchema":"1a1c01bbd47fc00a2c39e90264f33305004495a9","hash":"c120d29c0327dcc23681f473d49ea53f777d7a9b"}
,"/home/julianquino/Users/src/database/client.js": {"path":"/home/julianquino/Users/src/database/client.js","statementMap":{"0":{"start":{"line":1,"column":25},"end":{"line":1,"column":50}},"1":{"start":{"line":3,"column":15},"end":{"line":3,"column":33}},"2":{"start":{"line":5,"column":0},"end":{"line":5,"column":23}}},"fnMap":{},"branchMap":{},"s":{"0":7,"1":7,"2":7},"f":{},"b":{},"_coverageSchema":"1a1c01bbd47fc00a2c39e90264f33305004495a9","hash":"e3315756b7deaa1b45cda78f4473998b5085c466"}
,"/home/julianquino/Users/src/services/authService.js": {"path":"/home/julianquino/Users/src/services/authService.js","statementMap":{"0":{"start":{"line":1,"column":15},"end":{"line":1,"column":32}},"1":{"start":{"line":2,"column":21},"end":{"line":2,"column":45}},"2":{"start":{"line":3,"column":81},"end":{"line":3,"column":108}},"3":{"start":{"line":4,"column":21},"end":{"line":4,"column":56}},"4":{"start":{"line":5,"column":18},"end":{"line":5,"column":40}},"5":{"start":{"line":6,"column":13},"end":{"line":6,"column":30}},"6":{"start":{"line":7,"column":18},"end":{"line":7,"column":36}},"7":{"start":{"line":9,"column":21},"end":{"line":9,"column":23}},"8":{"start":{"line":10,"column":23},"end":{"line":10,"column":24}},"9":{"start":{"line":11,"column":22},"end":{"line":11,"column":44}},"10":{"start":{"line":12,"column":22},"end":{"line":12,"column":52}},"11":{"start":{"line":13,"column":19},"end":{"line":13,"column":157}},"12":{"start":{"line":16,"column":12},"end":{"line":16,"column":51}},"13":{"start":{"line":17,"column":1},"end":{"line":17,"column":13}},"14":{"start":{"line":21,"column":1},"end":{"line":26,"column":54}},"15":{"start":{"line":22,"column":2},"end":{"line":22,"column":54}},"16":{"start":{"line":23,"column":6},"end":{"line":26,"column":54}},"17":{"start":{"line":24,"column":2},"end":{"line":24,"column":51}},"18":{"start":{"line":25,"column":6},"end":{"line":26,"column":54}},"19":{"start":{"line":26,"column":2},"end":{"line":26,"column":54}},"20":{"start":{"line":28,"column":1},"end":{"line":42,"column":2}},"21":{"start":{"line":29,"column":13},"end":{"line":29,"column":49}},"22":{"start":{"line":30,"column":2},"end":{"line":34,"column":3}},"23":{"start":{"line":31,"column":3},"end":{"line":33,"column":4}},"24":{"start":{"line":32,"column":4},"end":{"line":32,"column":44}},"25":{"start":{"line":35,"column":13},"end":{"line":35,"column":143}},"26":{"start":{"line":36,"column":2},"end":{"line":36,"column":38}},"27":{"start":{"line":37,"column":2},"end":{"line":37,"column":79}},"28":{"start":{"line":38,"column":13},"end":{"line":38,"column":57}},"29":{"start":{"line":39,"column":2},"end":{"line":39,"column":69}},"30":{"start":{"line":41,"column":2},"end":{"line":41,"column":12}},"31":{"start":{"line":46,"column":1},"end":{"line":59,"column":2}},"32":{"start":{"line":47,"column":13},"end":{"line":47,"column":49}},"33":{"start":{"line":48,"column":2},"end":{"line":50,"column":3}},"34":{"start":{"line":49,"column":3},"end":{"line":49,"column":47}},"35":{"start":{"line":51,"column":2},"end":{"line":53,"column":3}},"36":{"start":{"line":52,"column":3},"end":{"line":52,"column":47}},"37":{"start":{"line":54,"column":2},"end":{"line":54,"column":22}},"38":{"start":{"line":55,"column":2},"end":{"line":55,"column":36}},"39":{"start":{"line":56,"column":2},"end":{"line":56,"column":38}},"40":{"start":{"line":58,"column":2},"end":{"line":58,"column":12}},"41":{"start":{"line":63,"column":1},"end":{"line":67,"column":2}},"42":{"start":{"line":64,"column":2},"end":{"line":64,"column":42}},"43":{"start":{"line":66,"column":2},"end":{"line":66,"column":12}},"44":{"start":{"line":71,"column":1},"end":{"line":74,"column":54}},"45":{"start":{"line":72,"column":2},"end":{"line":72,"column":63}},"46":{"start":{"line":73,"column":6},"end":{"line":74,"column":54}},"47":{"start":{"line":74,"column":2},"end":{"line":74,"column":54}},"48":{"start":{"line":76,"column":14},"end":{"line":76,"column":76}},"49":{"start":{"line":78,"column":1},"end":{"line":79,"column":60}},"50":{"start":{"line":79,"column":2},"end":{"line":79,"column":60}},"51":{"start":{"line":80,"column":1},"end":{"line":81,"column":44}},"52":{"start":{"line":81,"column":2},"end":{"line":81,"column":44}},"53":{"start":{"line":83,"column":1},"end":{"line":83,"column":13}},"54":{"start":{"line":87,"column":1},"end":{"line":87,"column":34}},"55":{"start":{"line":88,"column":11},"end":{"line":88,"column":12}},"56":{"start":{"line":89,"column":12},"end":{"line":89,"column":44}},"57":{"start":{"line":90,"column":1},"end":{"line":94,"column":2}},"58":{"start":{"line":91,"column":2},"end":{"line":91,"column":8}},"59":{"start":{"line":92,"column":2},"end":{"line":92,"column":20}},"60":{"start":{"line":93,"column":2},"end":{"line":93,"column":42}},"61":{"start":{"line":95,"column":1},"end":{"line":96,"column":51}},"62":{"start":{"line":96,"column":2},"end":{"line":96,"column":51}},"63":{"start":{"line":98,"column":1},"end":{"line":106,"column":2}},"64":{"start":{"line":99,"column":13},"end":{"line":99,"column":129}},"65":{"start":{"line":100,"column":17},"end":{"line":100,"column":37}},"66":{"start":{"line":101,"column":2},"end":{"line":101,"column":74}},"67":{"start":{"line":102,"column":13},"end":{"line":102,"column":45}},"68":{"start":{"line":103,"column":2},"end":{"line":103,"column":14}},"69":{"start":{"line":105,"column":2},"end":{"line":105,"column":12}},"70":{"start":{"line":110,"column":1},"end":{"line":111,"column":63}},"71":{"start":{"line":111,"column":2},"end":{"line":111,"column":63}},"72":{"start":{"line":113,"column":14},"end":{"line":113,"column":56}},"73":{"start":{"line":114,"column":1},"end":{"line":115,"column":46}},"74":{"start":{"line":115,"column":2},"end":{"line":115,"column":46}},"75":{"start":{"line":116,"column":1},"end":{"line":117,"column":44}},"76":{"start":{"line":117,"column":2},"end":{"line":117,"column":44}},"77":{"start":{"line":119,"column":1},"end":{"line":119,"column":22}},"78":{"start":{"line":123,"column":12},"end":{"line":123,"column":48}},"79":{"start":{"line":124,"column":1},"end":{"line":126,"column":2}},"80":{"start":{"line":125,"column":2},"end":{"line":125,"column":46}},"81":{"start":{"line":127,"column":12},"end":{"line":127,"column":142}},"82":{"start":{"line":129,"column":1},"end":{"line":129,"column":21}},"83":{"start":{"line":130,"column":1},"end":{"line":130,"column":39}},"84":{"start":{"line":131,"column":1},"end":{"line":131,"column":66}},"85":{"start":{"line":132,"column":1},"end":{"line":132,"column":37}},"86":{"start":{"line":133,"column":12},"end":{"line":133,"column":52}},"87":{"start":{"line":134,"column":1},"end":{"line":134,"column":64}},"88":{"start":{"line":138,"column":12},"end":{"line":138,"column":48}},"89":{"start":{"line":139,"column":1},"end":{"line":141,"column":2}},"90":{"start":{"line":140,"column":2},"end":{"line":140,"column":46}},"91":{"start":{"line":142,"column":22},"end":{"line":142,"column":51}},"92":{"start":{"line":143,"column":15},"end":{"line":143,"column":25}},"93":{"start":{"line":144,"column":1},"end":{"line":146,"column":2}},"94":{"start":{"line":145,"column":2},"end":{"line":145,"column":76}},"95":{"start":{"line":147,"column":1},"end":{"line":149,"column":2}},"96":{"start":{"line":148,"column":2},"end":{"line":148,"column":46}},"97":{"start":{"line":150,"column":1},"end":{"line":150,"column":13}},"98":{"start":{"line":154,"column":1},"end":{"line":155,"column":54}},"99":{"start":{"line":155,"column":2},"end":{"line":155,"column":54}},"100":{"start":{"line":156,"column":12},"end":{"line":156,"column":48}},"101":{"start":{"line":157,"column":1},"end":{"line":159,"column":2}},"102":{"start":{"line":158,"column":2},"end":{"line":158,"column":46}},"103":{"start":{"line":160,"column":1},"end":{"line":160,"column":49}},"104":{"start":{"line":161,"column":1},"end":{"line":161,"column":42}},"105":{"start":{"line":162,"column":1},"end":{"line":162,"column":21}},"106":{"start":{"line":163,"column":1},"end":{"line":163,"column":28}},"107":{"start":{"line":164,"column":1},"end":{"line":164,"column":37}},"108":{"start":{"line":168,"column":1},"end":{"line":173,"column":54}},"109":{"start":{"line":169,"column":2},"end":{"line":169,"column":54}},"110":{"start":{"line":170,"column":6},"end":{"line":173,"column":54}},"111":{"start":{"line":171,"column":2},"end":{"line":171,"column":51}},"112":{"start":{"line":172,"column":6},"end":{"line":173,"column":54}},"113":{"start":{"line":173,"column":2},"end":{"line":173,"column":54}},"114":{"start":{"line":175,"column":1},"end":{"line":180,"column":2}},"115":{"start":{"line":176,"column":2},"end":{"line":176,"column":38}},"116":{"start":{"line":177,"column":2},"end":{"line":177,"column":77}},"117":{"start":{"line":179,"column":2},"end":{"line":179,"column":12}},"118":{"start":{"line":184,"column":1},"end":{"line":187,"column":54}},"119":{"start":{"line":185,"column":2},"end":{"line":185,"column":51}},"120":{"start":{"line":186,"column":6},"end":{"line":187,"column":54}},"121":{"start":{"line":187,"column":2},"end":{"line":187,"column":54}},"122":{"start":{"line":189,"column":14},"end":{"line":189,"column":66}},"123":{"start":{"line":191,"column":1},"end":{"line":192,"column":57}},"124":{"start":{"line":192,"column":2},"end":{"line":192,"column":57}},"125":{"start":{"line":194,"column":1},"end":{"line":194,"column":13}},"126":{"start":{"line":198,"column":12},"end":{"line":198,"column":48}},"127":{"start":{"line":199,"column":1},"end":{"line":201,"column":2}},"128":{"start":{"line":200,"column":2},"end":{"line":200,"column":46}},"129":{"start":{"line":202,"column":1},"end":{"line":204,"column":2}},"130":{"start":{"line":203,"column":2},"end":{"line":203,"column":44}},"131":{"start":{"line":205,"column":1},"end":{"line":205,"column":13}},"132":{"start":{"line":208,"column":0},"end":{"line":221,"column":2}}},"fnMap":{"0":{"name":"ecryptPassword","decl":{"start":{"line":15,"column":9},"end":{"line":15,"column":23}},"loc":{"start":{"line":15,"column":33},"end":{"line":18,"column":1}},"line":15},"1":{"name":"signUp","decl":{"start":{"line":20,"column":15},"end":{"line":20,"column":21}},"loc":{"start":{"line":20,"column":48},"end":{"line":43,"column":1}},"line":20},"2":{"name":"signUpConfirm","decl":{"start":{"line":45,"column":15},"end":{"line":45,"column":28}},"loc":{"start":{"line":45,"column":44},"end":{"line":60,"column":1}},"line":45},"3":{"name":"deleteUser","decl":{"start":{"line":62,"column":15},"end":{"line":62,"column":25}},"loc":{"start":{"line":62,"column":35},"end":{"line":68,"column":1}},"line":62},"4":{"name":"signIn","decl":{"start":{"line":70,"column":15},"end":{"line":70,"column":21}},"loc":{"start":{"line":70,"column":47},"end":{"line":84,"column":1}},"line":70},"5":{"name":"signUpGoogle","decl":{"start":{"line":86,"column":15},"end":{"line":86,"column":27}},"loc":{"start":{"line":86,"column":40},"end":{"line":107,"column":1}},"line":86},"6":{"name":"signInGoogle","decl":{"start":{"line":109,"column":15},"end":{"line":109,"column":27}},"loc":{"start":{"line":109,"column":34},"end":{"line":120,"column":1}},"line":109},"7":{"name":"recoverPassword","decl":{"start":{"line":122,"column":15},"end":{"line":122,"column":30}},"loc":{"start":{"line":122,"column":40},"end":{"line":135,"column":1}},"line":122},"8":{"name":"verifyCodeRecoverPassword","decl":{"start":{"line":137,"column":15},"end":{"line":137,"column":40}},"loc":{"start":{"line":137,"column":56},"end":{"line":151,"column":1}},"line":137},"9":{"name":"setPassword","decl":{"start":{"line":153,"column":15},"end":{"line":153,"column":26}},"loc":{"start":{"line":153,"column":52},"end":{"line":165,"column":1}},"line":153},"10":{"name":"signUpAdmin","decl":{"start":{"line":167,"column":15},"end":{"line":167,"column":26}},"loc":{"start":{"line":167,"column":53},"end":{"line":181,"column":1}},"line":167},"11":{"name":"signInAdmin","decl":{"start":{"line":183,"column":15},"end":{"line":183,"column":26}},"loc":{"start":{"line":183,"column":43},"end":{"line":195,"column":1}},"line":183},"12":{"name":"verifyAuthUser","decl":{"start":{"line":197,"column":15},"end":{"line":197,"column":29}},"loc":{"start":{"line":197,"column":39},"end":{"line":206,"column":1}},"line":197}},"branchMap":{"0":{"loc":{"start":{"line":21,"column":1},"end":{"line":26,"column":54}},"type":"if","locations":[{"start":{"line":21,"column":1},"end":{"line":26,"column":54}},{"start":{"line":23,"column":6},"end":{"line":26,"column":54}}],"line":21},"1":{"loc":{"start":{"line":21,"column":4},"end":{"line":21,"column":46}},"type":"binary-expr","locations":[{"start":{"line":21,"column":4},"end":{"line":21,"column":33}},{"start":{"line":21,"column":37},"end":{"line":21,"column":46}}],"line":21},"2":{"loc":{"start":{"line":23,"column":6},"end":{"line":26,"column":54}},"type":"if","locations":[{"start":{"line":23,"column":6},"end":{"line":26,"column":54}},{"start":{"line":25,"column":6},"end":{"line":26,"column":54}}],"line":23},"3":{"loc":{"start":{"line":25,"column":6},"end":{"line":26,"column":54}},"type":"if","locations":[{"start":{"line":25,"column":6},"end":{"line":26,"column":54}},{"start":{},"end":{}}],"line":25},"4":{"loc":{"start":{"line":30,"column":2},"end":{"line":34,"column":3}},"type":"if","locations":[{"start":{"line":30,"column":2},"end":{"line":34,"column":3}},{"start":{},"end":{}}],"line":30},"5":{"loc":{"start":{"line":31,"column":3},"end":{"line":33,"column":4}},"type":"if","locations":[{"start":{"line":31,"column":3},"end":{"line":33,"column":4}},{"start":{},"end":{}}],"line":31},"6":{"loc":{"start":{"line":48,"column":2},"end":{"line":50,"column":3}},"type":"if","locations":[{"start":{"line":48,"column":2},"end":{"line":50,"column":3}},{"start":{},"end":{}}],"line":48},"7":{"loc":{"start":{"line":51,"column":2},"end":{"line":53,"column":3}},"type":"if","locations":[{"start":{"line":51,"column":2},"end":{"line":53,"column":3}},{"start":{},"end":{}}],"line":51},"8":{"loc":{"start":{"line":71,"column":1},"end":{"line":74,"column":54}},"type":"if","locations":[{"start":{"line":71,"column":1},"end":{"line":74,"column":54}},{"start":{"line":73,"column":6},"end":{"line":74,"column":54}}],"line":71},"9":{"loc":{"start":{"line":71,"column":4},"end":{"line":71,"column":75}},"type":"binary-expr","locations":[{"start":{"line":71,"column":4},"end":{"line":71,"column":39}},{"start":{"line":71,"column":43},"end":{"line":71,"column":75}}],"line":71},"10":{"loc":{"start":{"line":73,"column":6},"end":{"line":74,"column":54}},"type":"if","locations":[{"start":{"line":73,"column":6},"end":{"line":74,"column":54}},{"start":{},"end":{}}],"line":73},"11":{"loc":{"start":{"line":78,"column":1},"end":{"line":79,"column":60}},"type":"if","locations":[{"start":{"line":78,"column":1},"end":{"line":79,"column":60}},{"start":{},"end":{}}],"line":78},"12":{"loc":{"start":{"line":80,"column":1},"end":{"line":81,"column":44}},"type":"if","locations":[{"start":{"line":80,"column":1},"end":{"line":81,"column":44}},{"start":{},"end":{}}],"line":80},"13":{"loc":{"start":{"line":95,"column":1},"end":{"line":96,"column":51}},"type":"if","locations":[{"start":{"line":95,"column":1},"end":{"line":96,"column":51}},{"start":{},"end":{}}],"line":95},"14":{"loc":{"start":{"line":110,"column":1},"end":{"line":111,"column":63}},"type":"if","locations":[{"start":{"line":110,"column":1},"end":{"line":111,"column":63}},{"start":{},"end":{}}],"line":110},"15":{"loc":{"start":{"line":114,"column":1},"end":{"line":115,"column":46}},"type":"if","locations":[{"start":{"line":114,"column":1},"end":{"line":115,"column":46}},{"start":{},"end":{}}],"line":114},"16":{"loc":{"start":{"line":116,"column":1},"end":{"line":117,"column":44}},"type":"if","locations":[{"start":{"line":116,"column":1},"end":{"line":117,"column":44}},{"start":{},"end":{}}],"line":116},"17":{"loc":{"start":{"line":124,"column":1},"end":{"line":126,"column":2}},"type":"if","locations":[{"start":{"line":124,"column":1},"end":{"line":126,"column":2}},{"start":{},"end":{}}],"line":124},"18":{"loc":{"start":{"line":139,"column":1},"end":{"line":141,"column":2}},"type":"if","locations":[{"start":{"line":139,"column":1},"end":{"line":141,"column":2}},{"start":{},"end":{}}],"line":139},"19":{"loc":{"start":{"line":144,"column":1},"end":{"line":146,"column":2}},"type":"if","locations":[{"start":{"line":144,"column":1},"end":{"line":146,"column":2}},{"start":{},"end":{}}],"line":144},"20":{"loc":{"start":{"line":147,"column":1},"end":{"line":149,"column":2}},"type":"if","locations":[{"start":{"line":147,"column":1},"end":{"line":149,"column":2}},{"start":{},"end":{}}],"line":147},"21":{"loc":{"start":{"line":154,"column":1},"end":{"line":155,"column":54}},"type":"if","locations":[{"start":{"line":154,"column":1},"end":{"line":155,"column":54}},{"start":{},"end":{}}],"line":154},"22":{"loc":{"start":{"line":157,"column":1},"end":{"line":159,"column":2}},"type":"if","locations":[{"start":{"line":157,"column":1},"end":{"line":159,"column":2}},{"start":{},"end":{}}],"line":157},"23":{"loc":{"start":{"line":168,"column":1},"end":{"line":173,"column":54}},"type":"if","locations":[{"start":{"line":168,"column":1},"end":{"line":173,"column":54}},{"start":{"line":170,"column":6},"end":{"line":173,"column":54}}],"line":168},"24":{"loc":{"start":{"line":170,"column":6},"end":{"line":173,"column":54}},"type":"if","locations":[{"start":{"line":170,"column":6},"end":{"line":173,"column":54}},{"start":{"line":172,"column":6},"end":{"line":173,"column":54}}],"line":170},"25":{"loc":{"start":{"line":172,"column":6},"end":{"line":173,"column":54}},"type":"if","locations":[{"start":{"line":172,"column":6},"end":{"line":173,"column":54}},{"start":{},"end":{}}],"line":172},"26":{"loc":{"start":{"line":184,"column":1},"end":{"line":187,"column":54}},"type":"if","locations":[{"start":{"line":184,"column":1},"end":{"line":187,"column":54}},{"start":{"line":186,"column":6},"end":{"line":187,"column":54}}],"line":184},"27":{"loc":{"start":{"line":186,"column":6},"end":{"line":187,"column":54}},"type":"if","locations":[{"start":{"line":186,"column":6},"end":{"line":187,"column":54}},{"start":{},"end":{}}],"line":186},"28":{"loc":{"start":{"line":191,"column":1},"end":{"line":192,"column":57}},"type":"if","locations":[{"start":{"line":191,"column":1},"end":{"line":192,"column":57}},{"start":{},"end":{}}],"line":191},"29":{"loc":{"start":{"line":199,"column":1},"end":{"line":201,"column":2}},"type":"if","locations":[{"start":{"line":199,"column":1},"end":{"line":201,"column":2}},{"start":{},"end":{}}],"line":199},"30":{"loc":{"start":{"line":202,"column":1},"end":{"line":204,"column":2}},"type":"if","locations":[{"start":{"line":202,"column":1},"end":{"line":204,"column":2}},{"start":{},"end":{}}],"line":202}},"s":{"0":3,"1":3,"2":3,"3":3,"4":3,"5":3,"6":3,"7":3,"8":3,"9":3,"10":3,"11":3,"12":7,"13":7,"14":6,"15":1,"16":5,"17":1,"18":4,"19":1,"20":3,"21":3,"22":2,"23":1,"24":1,"25":2,"26":2,"27":2,"28":2,"29":2,"30":1,"31":4,"32":4,"33":3,"34":1,"35":2,"36":1,"37":1,"38":1,"39":1,"40":3,"41":1,"42":1,"43":1,"44":6,"45":1,"46":5,"47":1,"48":4,"49":3,"50":1,"51":2,"52":1,"53":1,"54":4,"55":4,"56":4,"57":3,"58":0,"59":0,"60":0,"61":3,"62":1,"63":2,"64":2,"65":2,"66":2,"67":1,"68":1,"69":1,"70":4,"71":1,"72":3,"73":3,"74":1,"75":2,"76":1,"77":1,"78":2,"79":2,"80":1,"81":1,"82":1,"83":1,"84":1,"85":1,"86":1,"87":1,"88":5,"89":5,"90":1,"91":4,"92":4,"93":4,"94":1,"95":3,"96":1,"97":2,"98":3,"99":1,"100":2,"101":2,"102":1,"103":1,"104":1,"105":1,"106":1,"107":1,"108":5,"109":1,"110":4,"111":1,"112":3,"113":1,"114":2,"115":2,"116":2,"117":1,"118":5,"119":1,"120":4,"121":1,"122":3,"123":2,"124":1,"125":1,"126":4,"127":3,"128":1,"129":2,"130":1,"131":1,"132":3},"f":{"0":7,"1":6,"2":4,"3":1,"4":6,"5":4,"6":4,"7":2,"8":5,"9":3,"10":5,"11":5,"12":4},"b":{"0":[1,5],"1":[6,5],"2":[1,4],"3":[1,3],"4":[1,1],"5":[1,0],"6":[1,2],"7":[1,1],"8":[1,5],"9":[6,1],"10":[1,4],"11":[1,2],"12":[1,1],"13":[1,2],"14":[1,3],"15":[1,2],"16":[1,1],"17":[1,1],"18":[1,4],"19":[1,3],"20":[1,2],"21":[1,2],"22":[1,1],"23":[1,4],"24":[1,3],"25":[1,2],"26":[1,4],"27":[1,3],"28":[1,1],"29":[1,2],"30":[1,1]},"_coverageSchema":"1a1c01bbd47fc00a2c39e90264f33305004495a9","hash":"0a726ea64f395fcabe759103a3b90ec86da5873b"}
,"/home/julianquino/Users/src/services/exception.js": {"path":"/home/julianquino/Users/src/services/exception.js","statementMap":{"0":{"start":{"line":3,"column":8},"end":{"line":3,"column":23}},"1":{"start":{"line":4,"column":8},"end":{"line":4,"column":37}},"2":{"start":{"line":8,"column":0},"end":{"line":8,"column":27}}},"fnMap":{"0":{"name":"(anonymous_0)","decl":{"start":{"line":2,"column":4},"end":{"line":2,"column":5}},"loc":{"start":{"line":2,"column":37},"end":{"line":5,"column":5}},"line":2}},"branchMap":{},"s":{"0":95,"1":95,"2":13},"f":{"0":95},"b":{},"_coverageSchema":"1a1c01bbd47fc00a2c39e90264f33305004495a9","hash":"305f2ba14e3f9a68115d2ac0630717563bfc21ef"}
,"/home/julianquino/Users/src/services/mail.js": {"path":"/home/julianquino/Users/src/services/mail.js","statementMap":{"0":{"start":{"line":1,"column":25},"end":{"line":1,"column":52}},"1":{"start":{"line":4,"column":1},"end":{"line":9,"column":4}},"2":{"start":{"line":12,"column":0},"end":{"line":14,"column":2}}},"fnMap":{"0":{"name":"sendMailCode","decl":{"start":{"line":3,"column":15},"end":{"line":3,"column":27}},"loc":{"start":{"line":3,"column":51},"end":{"line":10,"column":1}},"line":3}},"branchMap":{},"s":{"0":4,"1":1,"2":4},"f":{"0":1},"b":{},"_coverageSchema":"1a1c01bbd47fc00a2c39e90264f33305004495a9","hash":"a24c54ba08fd3cc6bf1188a4961681c58db89c93"}
,"/home/julianquino/Users/src/services/tokenService.js": {"path":"/home/julianquino/Users/src/services/tokenService.js","statementMap":{"0":{"start":{"line":1,"column":12},"end":{"line":1,"column":35}},"1":{"start":{"line":2,"column":26},"end":{"line":2,"column":37}},"2":{"start":{"line":5,"column":1},"end":{"line":8,"column":37}},"3":{"start":{"line":11,"column":0},"end":{"line":13,"column":2}}},"fnMap":{"0":{"name":"sessionToken","decl":{"start":{"line":4,"column":9},"end":{"line":4,"column":21}},"loc":{"start":{"line":4,"column":31},"end":{"line":9,"column":1}},"line":4}},"branchMap":{},"s":{"0":3,"1":3,"2":6,"3":3},"f":{"0":6},"b":{},"_coverageSchema":"1a1c01bbd47fc00a2c39e90264f33305004495a9","hash":"29286fedb77b97046bec56b97dfcfc0309f6994e"}
,"/home/julianquino/Users/src/services/userService.js": {"path":"/home/julianquino/Users/src/services/userService.js","statementMap":{"0":{"start":{"line":1,"column":21},"end":{"line":1,"column":56}},"1":{"start":{"line":2,"column":18},"end":{"line":2,"column":40}},"2":{"start":{"line":5,"column":1},"end":{"line":13,"column":2}},"3":{"start":{"line":6,"column":18},"end":{"line":6,"column":53}},"4":{"start":{"line":7,"column":8},"end":{"line":9,"column":9}},"5":{"start":{"line":8,"column":12},"end":{"line":8,"column":56}},"6":{"start":{"line":10,"column":8},"end":{"line":10,"column":70}},"7":{"start":{"line":12,"column":2},"end":{"line":12,"column":12}},"8":{"start":{"line":17,"column":1},"end":{"line":30,"column":2}},"9":{"start":{"line":18,"column":19},"end":{"line":18,"column":55}},"10":{"start":{"line":19,"column":2},"end":{"line":21,"column":3}},"11":{"start":{"line":20,"column":3},"end":{"line":20,"column":47}},"12":{"start":{"line":22,"column":8},"end":{"line":24,"column":3}},"13":{"start":{"line":23,"column":3},"end":{"line":23,"column":66}},"14":{"start":{"line":25,"column":8},"end":{"line":25,"column":30}},"15":{"start":{"line":26,"column":2},"end":{"line":26,"column":30}},"16":{"start":{"line":27,"column":2},"end":{"line":27,"column":38}},"17":{"start":{"line":29,"column":2},"end":{"line":29,"column":12}},"18":{"start":{"line":34,"column":1},"end":{"line":47,"column":2}},"19":{"start":{"line":35,"column":19},"end":{"line":35,"column":55}},"20":{"start":{"line":36,"column":2},"end":{"line":38,"column":3}},"21":{"start":{"line":37,"column":3},"end":{"line":37,"column":47}},"22":{"start":{"line":39,"column":8},"end":{"line":41,"column":3}},"23":{"start":{"line":40,"column":3},"end":{"line":40,"column":61}},"24":{"start":{"line":42,"column":8},"end":{"line":42,"column":31}},"25":{"start":{"line":43,"column":2},"end":{"line":43,"column":24}},"26":{"start":{"line":44,"column":2},"end":{"line":44,"column":38}},"27":{"start":{"line":46,"column":2},"end":{"line":46,"column":12}},"28":{"start":{"line":51,"column":1},"end":{"line":57,"column":2}},"29":{"start":{"line":52,"column":21},"end":{"line":52,"column":71}},"30":{"start":{"line":54,"column":7},"end":{"line":54,"column":21}},"31":{"start":{"line":56,"column":2},"end":{"line":56,"column":12}},"32":{"start":{"line":61,"column":1},"end":{"line":67,"column":2}},"33":{"start":{"line":62,"column":20},"end":{"line":62,"column":71}},"34":{"start":{"line":64,"column":7},"end":{"line":64,"column":20}},"35":{"start":{"line":66,"column":2},"end":{"line":66,"column":12}},"36":{"start":{"line":71,"column":1},"end":{"line":92,"column":2}},"37":{"start":{"line":72,"column":19},"end":{"line":72,"column":55}},"38":{"start":{"line":73,"column":2},"end":{"line":75,"column":3}},"39":{"start":{"line":74,"column":3},"end":{"line":74,"column":47}},"40":{"start":{"line":76,"column":2},"end":{"line":86,"column":3}},"41":{"start":{"line":77,"column":3},"end":{"line":83,"column":4}},"42":{"start":{"line":78,"column":4},"end":{"line":78,"column":25}},"43":{"start":{"line":79,"column":10},"end":{"line":83,"column":4}},"44":{"start":{"line":80,"column":4},"end":{"line":80,"column":26}},"45":{"start":{"line":82,"column":4},"end":{"line":82,"column":46}},"46":{"start":{"line":85,"column":3},"end":{"line":85,"column":84}},"47":{"start":{"line":88,"column":8},"end":{"line":88,"column":31}},"48":{"start":{"line":89,"column":2},"end":{"line":89,"column":38}},"49":{"start":{"line":91,"column":2},"end":{"line":91,"column":12}},"50":{"start":{"line":96,"column":1},"end":{"line":115,"column":2}},"51":{"start":{"line":97,"column":19},"end":{"line":97,"column":55}},"52":{"start":{"line":98,"column":2},"end":{"line":100,"column":3}},"53":{"start":{"line":99,"column":3},"end":{"line":99,"column":47}},"54":{"start":{"line":101,"column":2},"end":{"line":103,"column":3}},"55":{"start":{"line":102,"column":3},"end":{"line":102,"column":45}},"56":{"start":{"line":104,"column":2},"end":{"line":106,"column":3}},"57":{"start":{"line":105,"column":3},"end":{"line":105,"column":67}},"58":{"start":{"line":107,"column":2},"end":{"line":109,"column":3}},"59":{"start":{"line":108,"column":3},"end":{"line":108,"column":88}},"60":{"start":{"line":111,"column":8},"end":{"line":111,"column":34}},"61":{"start":{"line":112,"column":2},"end":{"line":112,"column":38}},"62":{"start":{"line":114,"column":2},"end":{"line":114,"column":12}},"63":{"start":{"line":119,"column":1},"end":{"line":128,"column":2}},"64":{"start":{"line":120,"column":21},"end":{"line":120,"column":57}},"65":{"start":{"line":122,"column":2},"end":{"line":123,"column":47}},"66":{"start":{"line":123,"column":3},"end":{"line":123,"column":47}},"67":{"start":{"line":125,"column":8},"end":{"line":125,"column":41}},"68":{"start":{"line":127,"column":2},"end":{"line":127,"column":12}},"69":{"start":{"line":132,"column":1},"end":{"line":138,"column":2}},"70":{"start":{"line":133,"column":16},"end":{"line":133,"column":59}},"71":{"start":{"line":135,"column":2},"end":{"line":135,"column":31}},"72":{"start":{"line":137,"column":2},"end":{"line":137,"column":12}},"73":{"start":{"line":142,"column":1},"end":{"line":147,"column":2}},"74":{"start":{"line":143,"column":19},"end":{"line":143,"column":55}},"75":{"start":{"line":144,"column":2},"end":{"line":144,"column":14}},"76":{"start":{"line":146,"column":2},"end":{"line":146,"column":12}},"77":{"start":{"line":149,"column":0},"end":{"line":160,"column":2}}},"fnMap":{"0":{"name":"searchUser","decl":{"start":{"line":4,"column":15},"end":{"line":4,"column":25}},"loc":{"start":{"line":4,"column":31},"end":{"line":14,"column":1}},"line":4},"1":{"name":"blockUser","decl":{"start":{"line":16,"column":15},"end":{"line":16,"column":24}},"loc":{"start":{"line":16,"column":34},"end":{"line":31,"column":1}},"line":16},"2":{"name":"unlockUser","decl":{"start":{"line":33,"column":15},"end":{"line":33,"column":25}},"loc":{"start":{"line":33,"column":35},"end":{"line":48,"column":1}},"line":33},"3":{"name":"getAdmins","decl":{"start":{"line":50,"column":15},"end":{"line":50,"column":24}},"loc":{"start":{"line":50,"column":31},"end":{"line":58,"column":1}},"line":50},"4":{"name":"getUsers","decl":{"start":{"line":60,"column":15},"end":{"line":60,"column":23}},"loc":{"start":{"line":60,"column":30},"end":{"line":68,"column":1}},"line":60},"5":{"name":"verifyUser","decl":{"start":{"line":70,"column":15},"end":{"line":70,"column":25}},"loc":{"start":{"line":70,"column":43},"end":{"line":93,"column":1}},"line":70},"6":{"name":"askForVerification","decl":{"start":{"line":95,"column":15},"end":{"line":95,"column":33}},"loc":{"start":{"line":95,"column":43},"end":{"line":116,"column":1}},"line":95},"7":{"name":"blocked","decl":{"start":{"line":118,"column":15},"end":{"line":118,"column":22}},"loc":{"start":{"line":118,"column":32},"end":{"line":129,"column":1}},"line":118},"8":{"name":"isAdmin","decl":{"start":{"line":131,"column":15},"end":{"line":131,"column":22}},"loc":{"start":{"line":131,"column":49},"end":{"line":139,"column":1}},"line":131},"9":{"name":"getUser","decl":{"start":{"line":141,"column":15},"end":{"line":141,"column":22}},"loc":{"start":{"line":141,"column":32},"end":{"line":148,"column":1}},"line":141}},"branchMap":{"0":{"loc":{"start":{"line":7,"column":8},"end":{"line":9,"column":9}},"type":"if","locations":[{"start":{"line":7,"column":8},"end":{"line":9,"column":9}},{"start":{},"end":{}}],"line":7},"1":{"loc":{"start":{"line":19,"column":2},"end":{"line":21,"column":3}},"type":"if","locations":[{"start":{"line":19,"column":2},"end":{"line":21,"column":3}},{"start":{},"end":{}}],"line":19},"2":{"loc":{"start":{"line":22,"column":8},"end":{"line":24,"column":3}},"type":"if","locations":[{"start":{"line":22,"column":8},"end":{"line":24,"column":3}},{"start":{},"end":{}}],"line":22},"3":{"loc":{"start":{"line":36,"column":2},"end":{"line":38,"column":3}},"type":"if","locations":[{"start":{"line":36,"column":2},"end":{"line":38,"column":3}},{"start":{},"end":{}}],"line":36},"4":{"loc":{"start":{"line":39,"column":8},"end":{"line":41,"column":3}},"type":"if","locations":[{"start":{"line":39,"column":8},"end":{"line":41,"column":3}},{"start":{},"end":{}}],"line":39},"5":{"loc":{"start":{"line":73,"column":2},"end":{"line":75,"column":3}},"type":"if","locations":[{"start":{"line":73,"column":2},"end":{"line":75,"column":3}},{"start":{},"end":{}}],"line":73},"6":{"loc":{"start":{"line":76,"column":2},"end":{"line":86,"column":3}},"type":"if","locations":[{"start":{"line":76,"column":2},"end":{"line":86,"column":3}},{"start":{"line":84,"column":9},"end":{"line":86,"column":3}}],"line":76},"7":{"loc":{"start":{"line":77,"column":3},"end":{"line":83,"column":4}},"type":"if","locations":[{"start":{"line":77,"column":3},"end":{"line":83,"column":4}},{"start":{"line":79,"column":10},"end":{"line":83,"column":4}}],"line":77},"8":{"loc":{"start":{"line":79,"column":10},"end":{"line":83,"column":4}},"type":"if","locations":[{"start":{"line":79,"column":10},"end":{"line":83,"column":4}},{"start":{"line":81,"column":10},"end":{"line":83,"column":4}}],"line":79},"9":{"loc":{"start":{"line":98,"column":2},"end":{"line":100,"column":3}},"type":"if","locations":[{"start":{"line":98,"column":2},"end":{"line":100,"column":3}},{"start":{},"end":{}}],"line":98},"10":{"loc":{"start":{"line":101,"column":2},"end":{"line":103,"column":3}},"type":"if","locations":[{"start":{"line":101,"column":2},"end":{"line":103,"column":3}},{"start":{},"end":{}}],"line":101},"11":{"loc":{"start":{"line":104,"column":2},"end":{"line":106,"column":3}},"type":"if","locations":[{"start":{"line":104,"column":2},"end":{"line":106,"column":3}},{"start":{},"end":{}}],"line":104},"12":{"loc":{"start":{"line":107,"column":2},"end":{"line":109,"column":3}},"type":"if","locations":[{"start":{"line":107,"column":2},"end":{"line":109,"column":3}},{"start":{},"end":{}}],"line":107},"13":{"loc":{"start":{"line":122,"column":2},"end":{"line":123,"column":47}},"type":"if","locations":[{"start":{"line":122,"column":2},"end":{"line":123,"column":47}},{"start":{},"end":{}}],"line":122},"14":{"loc":{"start":{"line":131,"column":23},"end":{"line":131,"column":36}},"type":"default-arg","locations":[{"start":{"line":131,"column":34},"end":{"line":131,"column":36}}],"line":131},"15":{"loc":{"start":{"line":131,"column":38},"end":{"line":131,"column":48}},"type":"default-arg","locations":[{"start":{"line":131,"column":46},"end":{"line":131,"column":48}}],"line":131},"16":{"loc":{"start":{"line":135,"column":9},"end":{"line":135,"column":31}},"type":"binary-expr","locations":[{"start":{"line":135,"column":9},"end":{"line":135,"column":14}},{"start":{"line":135,"column":18},"end":{"line":135,"column":31}}],"line":135}},"s":{"0":5,"1":5,"2":3,"3":3,"4":2,"5":1,"6":1,"7":2,"8":4,"9":4,"10":3,"11":1,"12":2,"13":1,"14":1,"15":1,"16":1,"17":3,"18":4,"19":4,"20":3,"21":1,"22":2,"23":1,"24":1,"25":1,"26":1,"27":3,"28":2,"29":2,"30":1,"31":1,"32":2,"33":2,"34":1,"35":1,"36":6,"37":6,"38":5,"39":1,"40":4,"41":3,"42":1,"43":2,"44":1,"45":1,"46":1,"47":2,"48":2,"49":4,"50":6,"51":6,"52":5,"53":1,"54":4,"55":1,"56":3,"57":1,"58":2,"59":1,"60":1,"61":1,"62":5,"63":3,"64":3,"65":2,"66":1,"67":1,"68":2,"69":2,"70":2,"71":1,"72":1,"73":2,"74":2,"75":1,"76":1,"77":5},"f":{"0":3,"1":4,"2":4,"3":2,"4":2,"5":6,"6":6,"7":3,"8":2,"9":2},"b":{"0":[1,1],"1":[1,2],"2":[1,1],"3":[1,2],"4":[1,1],"5":[1,4],"6":[3,1],"7":[1,2],"8":[1,1],"9":[1,4],"10":[1,3],"11":[1,2],"12":[1,1],"13":[1,1],"14":[0],"15":[0],"16":[1,1]},"_coverageSchema":"1a1c01bbd47fc00a2c39e90264f33305004495a9","hash":"e899465be34c2056172c454e265a881eab18b4db"}
,"/home/julianquino/Users/src/tests/singleton.js": {"path":"/home/julianquino/Users/src/tests/singleton.js","statementMap":{"0":{"start":{"line":1,"column":32},"end":{"line":1,"column":61}},"1":{"start":{"line":3,"column":15},"end":{"line":3,"column":44}},"2":{"start":{"line":5,"column":19},"end":{"line":5,"column":25}},"3":{"start":{"line":7,"column":0},"end":{"line":7,"column":50}},"4":{"start":{"line":7,"column":38},"end":{"line":7,"column":48}},"5":{"start":{"line":9,"column":0},"end":{"line":11,"column":2}},"6":{"start":{"line":10,"column":3},"end":{"line":10,"column":25}},"7":{"start":{"line":13,"column":0},"end":{"line":13,"column":30}}},"fnMap":{"0":{"name":"(anonymous_0)","decl":{"start":{"line":7,"column":32},"end":{"line":7,"column":33}},"loc":{"start":{"line":7,"column":38},"end":{"line":7,"column":48}},"line":7},"1":{"name":"(anonymous_1)","decl":{"start":{"line":9,"column":11},"end":{"line":9,"column":12}},"loc":{"start":{"line":9,"column":17},"end":{"line":11,"column":1}},"line":9}},"branchMap":{},"s":{"0":1,"1":1,"2":1,"3":1,"4":1,"5":1,"6":22,"7":1},"f":{"0":1,"1":22},"b":{},"_coverageSchema":"1a1c01bbd47fc00a2c39e90264f33305004495a9","hash":"4078b4964b22c61319adbe04edfbf5aa68bd1b05"}
}
