{"/home/julianquino/Users/src/config/mailer.js": {"path":"/home/julianquino/Users/src/config/mailer.js","statementMap":{"0":{"start":{"line":1,"column":19},"end":{"line":1,"column":40}},"1":{"start":{"line":2,"column":0},"end":{"line":10,"column":3}},"2":{"start":{"line":11,"column":0},"end":{"line":76,"column":2}},"3":{"start":{"line":12,"column":4},"end":{"line":75,"column":22}},"4":{"start":{"line":80,"column":0},"end":{"line":131,"column":2}},"5":{"start":{"line":81,"column":4},"end":{"line":130,"column":22}}},"fnMap":{"0":{"name":"(anonymous_0)","decl":{"start":{"line":11,"column":39},"end":{"line":11,"column":40}},"loc":{"start":{"line":11,"column":65},"end":{"line":76,"column":1}},"line":11},"1":{"name":"(anonymous_1)","decl":{"start":{"line":80,"column":35},"end":{"line":80,"column":36}},"loc":{"start":{"line":80,"column":61},"end":{"line":131,"column":1}},"line":80}},"branchMap":{},"s":{"0":4,"1":4,"2":4,"3":2,"4":4,"5":0},"f":{"0":2,"1":0},"b":{},"_coverageSchema":"1a1c01bbd47fc00a2c39e90264f33305004495a9","hash":"7af306ac7b76230fc9312a142d99d50d933a6c99"}
,"/home/julianquino/Users/src/controllers/adminController.js": {"path":"/home/julianquino/Users/src/controllers/adminController.js","statementMap":{"0":{"start":{"line":1,"column":19},"end":{"line":1,"column":40}},"1":{"start":{"line":2,"column":14},"end":{"line":2,"column":30}},"2":{"start":{"line":3,"column":20},"end":{"line":3,"column":54}},"3":{"start":{"line":4,"column":25},"end":{"line":4,"column":60}},"4":{"start":{"line":5,"column":20},"end":{"line":5,"column":54}},"5":{"start":{"line":6,"column":16},"end":{"line":6,"column":36}},"6":{"start":{"line":7,"column":18},"end":{"line":15,"column":2}},"7":{"start":{"line":13,"column":6},"end":{"line":13,"column":64}},"8":{"start":{"line":17,"column":15},"end":{"line":27,"column":1}},"9":{"start":{"line":18,"column":42},"end":{"line":18,"column":50}},"10":{"start":{"line":20,"column":4},"end":{"line":26,"column":5}},"11":{"start":{"line":21,"column":2},"end":{"line":21,"column":59}},"12":{"start":{"line":23,"column":8},"end":{"line":23,"column":47}},"13":{"start":{"line":25,"column":8},"end":{"line":25,"column":66}},"14":{"start":{"line":29,"column":15},"end":{"line":39,"column":1}},"15":{"start":{"line":30,"column":30},"end":{"line":30,"column":38}},"16":{"start":{"line":32,"column":4},"end":{"line":38,"column":5}},"17":{"start":{"line":33,"column":15},"end":{"line":33,"column":61}},"18":{"start":{"line":35,"column":8},"end":{"line":35,"column":67}},"19":{"start":{"line":37,"column":8},"end":{"line":37,"column":66}},"20":{"start":{"line":41,"column":18},"end":{"line":51,"column":1}},"21":{"start":{"line":42,"column":23},"end":{"line":42,"column":31}},"22":{"start":{"line":44,"column":4},"end":{"line":50,"column":5}},"23":{"start":{"line":45,"column":2},"end":{"line":45,"column":40}},"24":{"start":{"line":46,"column":8},"end":{"line":46,"column":58}},"25":{"start":{"line":47,"column":8},"end":{"line":47,"column":46}},"26":{"start":{"line":49,"column":8},"end":{"line":49,"column":66}},"27":{"start":{"line":53,"column":19},"end":{"line":64,"column":1}},"28":{"start":{"line":54,"column":23},"end":{"line":54,"column":31}},"29":{"start":{"line":56,"column":4},"end":{"line":63,"column":5}},"30":{"start":{"line":57,"column":2},"end":{"line":57,"column":41}},"31":{"start":{"line":58,"column":19},"end":{"line":58,"column":54}},"32":{"start":{"line":59,"column":8},"end":{"line":59,"column":94}},"33":{"start":{"line":60,"column":8},"end":{"line":60,"column":47}},"34":{"start":{"line":62,"column":8},"end":{"line":62,"column":66}},"35":{"start":{"line":66,"column":18},"end":{"line":75,"column":1}},"36":{"start":{"line":67,"column":18},"end":{"line":67,"column":27}},"37":{"start":{"line":69,"column":4},"end":{"line":74,"column":5}},"38":{"start":{"line":70,"column":15},"end":{"line":70,"column":49}},"39":{"start":{"line":71,"column":8},"end":{"line":71,"column":37}},"40":{"start":{"line":73,"column":8},"end":{"line":73,"column":66}},"41":{"start":{"line":77,"column":19},"end":{"line":89,"column":1}},"42":{"start":{"line":78,"column":31},"end":{"line":78,"column":39}},"43":{"start":{"line":80,"column":4},"end":{"line":88,"column":5}},"44":{"start":{"line":81,"column":2},"end":{"line":81,"column":49}},"45":{"start":{"line":82,"column":8},"end":{"line":84,"column":3}},"46":{"start":{"line":83,"column":3},"end":{"line":83,"column":96}},"47":{"start":{"line":85,"column":8},"end":{"line":85,"column":50}},"48":{"start":{"line":87,"column":8},"end":{"line":87,"column":135}},"49":{"start":{"line":91,"column":0},"end":{"line":98,"column":1}}},"fnMap":{"0":{"name":"(anonymous_0)","decl":{"start":{"line":12,"column":18},"end":{"line":12,"column":19}},"loc":{"start":{"line":12,"column":35},"end":{"line":14,"column":5}},"line":12},"1":{"name":"(anonymous_1)","decl":{"start":{"line":17,"column":15},"end":{"line":17,"column":16}},"loc":{"start":{"line":17,"column":35},"end":{"line":27,"column":1}},"line":17},"2":{"name":"(anonymous_2)","decl":{"start":{"line":29,"column":15},"end":{"line":29,"column":16}},"loc":{"start":{"line":29,"column":35},"end":{"line":39,"column":1}},"line":29},"3":{"name":"(anonymous_3)","decl":{"start":{"line":41,"column":18},"end":{"line":41,"column":19}},"loc":{"start":{"line":41,"column":38},"end":{"line":51,"column":1}},"line":41},"4":{"name":"(anonymous_4)","decl":{"start":{"line":53,"column":19},"end":{"line":53,"column":20}},"loc":{"start":{"line":53,"column":39},"end":{"line":64,"column":1}},"line":53},"5":{"name":"(anonymous_5)","decl":{"start":{"line":66,"column":18},"end":{"line":66,"column":19}},"loc":{"start":{"line":66,"column":38},"end":{"line":75,"column":1}},"line":66},"6":{"name":"(anonymous_6)","decl":{"start":{"line":77,"column":19},"end":{"line":77,"column":20}},"loc":{"start":{"line":77,"column":39},"end":{"line":89,"column":1}},"line":77}},"branchMap":{"0":{"loc":{"start":{"line":82,"column":8},"end":{"line":84,"column":3}},"type":"if","locations":[{"start":{"line":82,"column":8},"end":{"line":84,"column":3}},{"start":{},"end":{}}],"line":82},"1":{"loc":{"start":{"line":87,"column":19},"end":{"line":87,"column":40}},"type":"binary-expr","locations":[{"start":{"line":87,"column":19},"end":{"line":87,"column":33}},{"start":{"line":87,"column":37},"end":{"line":87,"column":40}}],"line":87},"2":{"loc":{"start":{"line":87,"column":58},"end":{"line":87,"column":132}},"type":"binary-expr","locations":[{"start":{"line":87,"column":58},"end":{"line":87,"column":69}},{"start":{"line":87,"column":73},"end":{"line":87,"column":132}}],"line":87}},"s":{"0":1,"1":1,"2":1,"3":1,"4":1,"5":1,"6":1,"7":0,"8":1,"9":2,"10":2,"11":2,"12":1,"13":1,"14":1,"15":2,"16":2,"17":2,"18":1,"19":1,"20":1,"21":2,"22":2,"23":2,"24":1,"25":1,"26":1,"27":1,"28":2,"29":2,"30":2,"31":1,"32":1,"33":1,"34":1,"35":1,"36":2,"37":2,"38":2,"39":1,"40":1,"41":1,"42":2,"43":2,"44":2,"45":1,"46":1,"47":1,"48":1,"49":1},"f":{"0":0,"1":2,"2":2,"3":2,"4":2,"5":2,"6":2},"b":{"0":[1,0],"1":[1,0],"2":[1,0]},"_coverageSchema":"1a1c01bbd47fc00a2c39e90264f33305004495a9","hash":"e21cabc66a0a448e5492a60c7718131e0b7ef786"}
,"/home/julianquino/Users/src/controllers/authController.js": {"path":"/home/julianquino/Users/src/controllers/authController.js","statementMap":{"0":{"start":{"line":1,"column":19},"end":{"line":1,"column":40}},"1":{"start":{"line":2,"column":14},"end":{"line":2,"column":30}},"2":{"start":{"line":3,"column":20},"end":{"line":3,"column":54}},"3":{"start":{"line":4,"column":20},"end":{"line":4,"column":54}},"4":{"start":{"line":5,"column":25},"end":{"line":5,"column":60}},"5":{"start":{"line":6,"column":12},"end":{"line":6,"column":35}},"6":{"start":{"line":8,"column":16},"end":{"line":8,"column":36}},"7":{"start":{"line":9,"column":18},"end":{"line":17,"column":2}},"8":{"start":{"line":15,"column":6},"end":{"line":15,"column":64}},"9":{"start":{"line":19,"column":15},"end":{"line":29,"column":1}},"10":{"start":{"line":20,"column":42},"end":{"line":20,"column":50}},"11":{"start":{"line":22,"column":4},"end":{"line":28,"column":5}},"12":{"start":{"line":23,"column":2},"end":{"line":23,"column":54}},"13":{"start":{"line":24,"column":8},"end":{"line":24,"column":60}},"14":{"start":{"line":25,"column":8},"end":{"line":25,"column":42}},"15":{"start":{"line":27,"column":8},"end":{"line":27,"column":66}},"16":{"start":{"line":31,"column":22},"end":{"line":51,"column":1}},"17":{"start":{"line":32,"column":31},"end":{"line":32,"column":39}},"18":{"start":{"line":34,"column":4},"end":{"line":50,"column":5}},"19":{"start":{"line":35,"column":2},"end":{"line":35,"column":50}},"20":{"start":{"line":37,"column":27},"end":{"line":37,"column":90}},"21":{"start":{"line":39,"column":8},"end":{"line":47,"column":9}},"22":{"start":{"line":40,"column":12},"end":{"line":40,"column":45}},"23":{"start":{"line":41,"column":12},"end":{"line":41,"column":83}},"24":{"start":{"line":43,"column":12},"end":{"line":43,"column":80}},"25":{"start":{"line":44,"column":23},"end":{"line":44,"column":58}},"26":{"start":{"line":45,"column":12},"end":{"line":45,"column":113}},"27":{"start":{"line":46,"column":12},"end":{"line":46,"column":66}},"28":{"start":{"line":49,"column":8},"end":{"line":49,"column":135}},"29":{"start":{"line":53,"column":15},"end":{"line":64,"column":1}},"30":{"start":{"line":54,"column":39},"end":{"line":54,"column":47}},"31":{"start":{"line":56,"column":4},"end":{"line":63,"column":5}},"32":{"start":{"line":57,"column":15},"end":{"line":57,"column":65}},"33":{"start":{"line":58,"column":8},"end":{"line":58,"column":64}},"34":{"start":{"line":59,"column":8},"end":{"line":59,"column":67}},"35":{"start":{"line":61,"column":8},"end":{"line":61,"column":62}},"36":{"start":{"line":62,"column":8},"end":{"line":62,"column":66}},"37":{"start":{"line":66,"column":21},"end":{"line":84,"column":1}},"38":{"start":{"line":67,"column":27},"end":{"line":67,"column":35}},"39":{"start":{"line":69,"column":4},"end":{"line":83,"column":5}},"40":{"start":{"line":70,"column":13},"end":{"line":70,"column":56}},"41":{"start":{"line":72,"column":27},"end":{"line":72,"column":95}},"42":{"start":{"line":74,"column":8},"end":{"line":80,"column":9}},"43":{"start":{"line":75,"column":12},"end":{"line":75,"column":50}},"44":{"start":{"line":76,"column":12},"end":{"line":76,"column":83}},"45":{"start":{"line":78,"column":12},"end":{"line":78,"column":69}},"46":{"start":{"line":79,"column":12},"end":{"line":79,"column":71}},"47":{"start":{"line":82,"column":8},"end":{"line":82,"column":66}},"48":{"start":{"line":86,"column":21},"end":{"line":96,"column":1}},"49":{"start":{"line":87,"column":20},"end":{"line":87,"column":28}},"50":{"start":{"line":89,"column":4},"end":{"line":95,"column":5}},"51":{"start":{"line":90,"column":19},"end":{"line":90,"column":56}},"52":{"start":{"line":91,"column":8},"end":{"line":91,"column":73}},"53":{"start":{"line":92,"column":8},"end":{"line":92,"column":62}},"54":{"start":{"line":94,"column":8},"end":{"line":94,"column":66}},"55":{"start":{"line":97,"column":24},"end":{"line":107,"column":1}},"56":{"start":{"line":98,"column":23},"end":{"line":98,"column":31}},"57":{"start":{"line":100,"column":4},"end":{"line":106,"column":5}},"58":{"start":{"line":101,"column":2},"end":{"line":101,"column":46}},"59":{"start":{"line":102,"column":8},"end":{"line":102,"column":79}},"60":{"start":{"line":103,"column":8},"end":{"line":103,"column":42}},"61":{"start":{"line":105,"column":8},"end":{"line":105,"column":66}},"62":{"start":{"line":109,"column":34},"end":{"line":119,"column":1}},"63":{"start":{"line":110,"column":29},"end":{"line":110,"column":37}},"64":{"start":{"line":112,"column":4},"end":{"line":118,"column":5}},"65":{"start":{"line":113,"column":2},"end":{"line":113,"column":62}},"66":{"start":{"line":115,"column":8},"end":{"line":115,"column":78}},"67":{"start":{"line":117,"column":8},"end":{"line":117,"column":66}},"68":{"start":{"line":121,"column":20},"end":{"line":133,"column":1}},"69":{"start":{"line":122,"column":39},"end":{"line":122,"column":47}},"70":{"start":{"line":124,"column":4},"end":{"line":132,"column":5}},"71":{"start":{"line":125,"column":2},"end":{"line":125,"column":58}},"72":{"start":{"line":126,"column":8},"end":{"line":126,"column":78}},"73":{"start":{"line":127,"column":19},"end":{"line":127,"column":54}},"74":{"start":{"line":128,"column":8},"end":{"line":128,"column":112}},"75":{"start":{"line":129,"column":8},"end":{"line":129,"column":69}},"76":{"start":{"line":131,"column":8},"end":{"line":131,"column":66}},"77":{"start":{"line":135,"column":19},"end":{"line":141,"column":1}},"78":{"start":{"line":136,"column":4},"end":{"line":140,"column":5}},"79":{"start":{"line":137,"column":8},"end":{"line":137,"column":43}},"80":{"start":{"line":139,"column":8},"end":{"line":139,"column":135}},"81":{"start":{"line":143,"column":16},"end":{"line":153,"column":1}},"82":{"start":{"line":144,"column":16},"end":{"line":144,"column":33}},"83":{"start":{"line":145,"column":4},"end":{"line":152,"column":5}},"84":{"start":{"line":146,"column":28},"end":{"line":146,"column":75}},"85":{"start":{"line":147,"column":23},"end":{"line":147,"column":45}},"86":{"start":{"line":148,"column":22},"end":{"line":148,"column":57}},"87":{"start":{"line":149,"column":8},"end":{"line":149,"column":38}},"88":{"start":{"line":151,"column":8},"end":{"line":151,"column":135}},"89":{"start":{"line":155,"column":0},"end":{"line":166,"column":1}}},"fnMap":{"0":{"name":"(anonymous_0)","decl":{"start":{"line":14,"column":18},"end":{"line":14,"column":19}},"loc":{"start":{"line":14,"column":35},"end":{"line":16,"column":5}},"line":14},"1":{"name":"(anonymous_1)","decl":{"start":{"line":19,"column":15},"end":{"line":19,"column":16}},"loc":{"start":{"line":19,"column":35},"end":{"line":29,"column":1}},"line":19},"2":{"name":"(anonymous_2)","decl":{"start":{"line":31,"column":22},"end":{"line":31,"column":23}},"loc":{"start":{"line":31,"column":42},"end":{"line":51,"column":1}},"line":31},"3":{"name":"(anonymous_3)","decl":{"start":{"line":53,"column":15},"end":{"line":53,"column":16}},"loc":{"start":{"line":53,"column":35},"end":{"line":64,"column":1}},"line":53},"4":{"name":"(anonymous_4)","decl":{"start":{"line":66,"column":21},"end":{"line":66,"column":22}},"loc":{"start":{"line":66,"column":41},"end":{"line":84,"column":1}},"line":66},"5":{"name":"(anonymous_5)","decl":{"start":{"line":86,"column":21},"end":{"line":86,"column":22}},"loc":{"start":{"line":86,"column":41},"end":{"line":96,"column":1}},"line":86},"6":{"name":"(anonymous_6)","decl":{"start":{"line":97,"column":24},"end":{"line":97,"column":25}},"loc":{"start":{"line":97,"column":44},"end":{"line":107,"column":1}},"line":97},"7":{"name":"(anonymous_7)","decl":{"start":{"line":109,"column":34},"end":{"line":109,"column":35}},"loc":{"start":{"line":109,"column":54},"end":{"line":119,"column":1}},"line":109},"8":{"name":"(anonymous_8)","decl":{"start":{"line":121,"column":20},"end":{"line":121,"column":21}},"loc":{"start":{"line":121,"column":40},"end":{"line":133,"column":1}},"line":121},"9":{"name":"(anonymous_9)","decl":{"start":{"line":135,"column":19},"end":{"line":135,"column":20}},"loc":{"start":{"line":135,"column":39},"end":{"line":141,"column":1}},"line":135},"10":{"name":"(anonymous_10)","decl":{"start":{"line":143,"column":16},"end":{"line":143,"column":17}},"loc":{"start":{"line":143,"column":36},"end":{"line":153,"column":1}},"line":143}},"branchMap":{"0":{"loc":{"start":{"line":39,"column":8},"end":{"line":47,"column":9}},"type":"if","locations":[{"start":{"line":39,"column":8},"end":{"line":47,"column":9}},{"start":{"line":42,"column":14},"end":{"line":47,"column":9}}],"line":39},"1":{"loc":{"start":{"line":49,"column":19},"end":{"line":49,"column":40}},"type":"binary-expr","locations":[{"start":{"line":49,"column":19},"end":{"line":49,"column":33}},{"start":{"line":49,"column":37},"end":{"line":49,"column":40}}],"line":49},"2":{"loc":{"start":{"line":49,"column":58},"end":{"line":49,"column":132}},"type":"binary-expr","locations":[{"start":{"line":49,"column":58},"end":{"line":49,"column":69}},{"start":{"line":49,"column":73},"end":{"line":49,"column":132}}],"line":49},"3":{"loc":{"start":{"line":74,"column":8},"end":{"line":80,"column":9}},"type":"if","locations":[{"start":{"line":74,"column":8},"end":{"line":80,"column":9}},{"start":{"line":77,"column":14},"end":{"line":80,"column":9}}],"line":74},"4":{"loc":{"start":{"line":139,"column":19},"end":{"line":139,"column":40}},"type":"binary-expr","locations":[{"start":{"line":139,"column":19},"end":{"line":139,"column":33}},{"start":{"line":139,"column":37},"end":{"line":139,"column":40}}],"line":139},"5":{"loc":{"start":{"line":139,"column":58},"end":{"line":139,"column":132}},"type":"binary-expr","locations":[{"start":{"line":139,"column":58},"end":{"line":139,"column":69}},{"start":{"line":139,"column":73},"end":{"line":139,"column":132}}],"line":139},"6":{"loc":{"start":{"line":151,"column":19},"end":{"line":151,"column":40}},"type":"binary-expr","locations":[{"start":{"line":151,"column":19},"end":{"line":151,"column":33}},{"start":{"line":151,"column":37},"end":{"line":151,"column":40}}],"line":151},"7":{"loc":{"start":{"line":151,"column":58},"end":{"line":151,"column":132}},"type":"binary-expr","locations":[{"start":{"line":151,"column":58},"end":{"line":151,"column":69}},{"start":{"line":151,"column":73},"end":{"line":151,"column":132}}],"line":151}},"s":{"0":1,"1":1,"2":1,"3":1,"4":1,"5":1,"6":1,"7":1,"8":0,"9":1,"10":2,"11":2,"12":2,"13":1,"14":1,"15":1,"16":1,"17":3,"18":3,"19":3,"20":2,"21":2,"22":1,"23":1,"24":1,"25":1,"26":1,"27":1,"28":1,"29":1,"30":2,"31":2,"32":2,"33":1,"34":1,"35":1,"36":1,"37":1,"38":3,"39":3,"40":3,"41":2,"42":2,"43":1,"44":1,"45":1,"46":1,"47":1,"48":1,"49":2,"50":2,"51":2,"52":1,"53":1,"54":1,"55":1,"56":2,"57":2,"58":2,"59":1,"60":1,"61":1,"62":1,"63":2,"64":2,"65":2,"66":1,"67":1,"68":1,"69":2,"70":2,"71":2,"72":1,"73":1,"74":1,"75":1,"76":1,"77":1,"78":1,"79":1,"80":0,"81":1,"82":2,"83":2,"84":2,"85":2,"86":2,"87":1,"88":1,"89":1},"f":{"0":0,"1":2,"2":3,"3":2,"4":3,"5":2,"6":2,"7":2,"8":2,"9":1,"10":2},"b":{"0":[1,1],"1":[1,0],"2":[1,0],"3":[1,1],"4":[0,0],"5":[0,0],"6":[1,0],"7":[1,0]},"_coverageSchema":"1a1c01bbd47fc00a2c39e90264f33305004495a9","hash":"3894c227a51a81bd2fa3358e0c97a43f1a137ece"}
,"/home/julianquino/Users/src/controllers/tokenController.js": {"path":"/home/julianquino/Users/src/controllers/tokenController.js","statementMap":{"0":{"start":{"line":1,"column":25},"end":{"line":1,"column":60}},"1":{"start":{"line":3,"column":21},"end":{"line":9,"column":1}},"2":{"start":{"line":4,"column":25},"end":{"line":4,"column":33}},"3":{"start":{"line":6,"column":4},"end":{"line":8,"column":7}},"4":{"start":{"line":11,"column":0},"end":{"line":13,"column":1}}},"fnMap":{"0":{"name":"(anonymous_0)","decl":{"start":{"line":3,"column":21},"end":{"line":3,"column":22}},"loc":{"start":{"line":3,"column":35},"end":{"line":9,"column":1}},"line":3}},"branchMap":{},"s":{"0":1,"1":1,"2":1,"3":1,"4":1},"f":{"0":1},"b":{},"_coverageSchema":"1a1c01bbd47fc00a2c39e90264f33305004495a9","hash":"48b765cfd9b9401037ec7ef10e3c7b4d3fe7cd4e"}
,"/home/julianquino/Users/src/controllers/userController.js": {"path":"/home/julianquino/Users/src/controllers/userController.js","statementMap":{"0":{"start":{"line":1,"column":12},"end":{"line":1,"column":35}},"1":{"start":{"line":2,"column":20},"end":{"line":2,"column":54}},"2":{"start":{"line":4,"column":19},"end":{"line":14,"column":1}},"3":{"start":{"line":5,"column":21},"end":{"line":5,"column":30}},"4":{"start":{"line":7,"column":4},"end":{"line":13,"column":5}},"5":{"start":{"line":8,"column":18},"end":{"line":8,"column":52}},"6":{"start":{"line":10,"column":8},"end":{"line":10,"column":40}},"7":{"start":{"line":12,"column":8},"end":{"line":12,"column":66}},"8":{"start":{"line":16,"column":17},"end":{"line":26,"column":1}},"9":{"start":{"line":17,"column":18},"end":{"line":17,"column":27}},"10":{"start":{"line":19,"column":4},"end":{"line":25,"column":5}},"11":{"start":{"line":20,"column":14},"end":{"line":20,"column":47}},"12":{"start":{"line":22,"column":8},"end":{"line":22,"column":36}},"13":{"start":{"line":24,"column":8},"end":{"line":24,"column":66}},"14":{"start":{"line":28,"column":27},"end":{"line":45,"column":1}},"15":{"start":{"line":29,"column":16},"end":{"line":29,"column":33}},"16":{"start":{"line":31,"column":4},"end":{"line":44,"column":5}},"17":{"start":{"line":32,"column":28},"end":{"line":32,"column":32}},"18":{"start":{"line":33,"column":8},"end":{"line":37,"column":9}},"19":{"start":{"line":34,"column":12},"end":{"line":34,"column":76}},"20":{"start":{"line":36,"column":12},"end":{"line":36,"column":65}},"21":{"start":{"line":38,"column":23},"end":{"line":38,"column":45}},"22":{"start":{"line":39,"column":8},"end":{"line":39,"column":55}},"23":{"start":{"line":41,"column":8},"end":{"line":41,"column":45}},"24":{"start":{"line":43,"column":8},"end":{"line":43,"column":135}},"25":{"start":{"line":47,"column":0},"end":{"line":51,"column":1}}},"fnMap":{"0":{"name":"(anonymous_0)","decl":{"start":{"line":4,"column":19},"end":{"line":4,"column":20}},"loc":{"start":{"line":4,"column":39},"end":{"line":14,"column":1}},"line":4},"1":{"name":"(anonymous_1)","decl":{"start":{"line":16,"column":17},"end":{"line":16,"column":18}},"loc":{"start":{"line":16,"column":37},"end":{"line":26,"column":1}},"line":16},"2":{"name":"(anonymous_2)","decl":{"start":{"line":28,"column":27},"end":{"line":28,"column":28}},"loc":{"start":{"line":28,"column":47},"end":{"line":45,"column":1}},"line":28}},"branchMap":{"0":{"loc":{"start":{"line":43,"column":19},"end":{"line":43,"column":40}},"type":"binary-expr","locations":[{"start":{"line":43,"column":19},"end":{"line":43,"column":33}},{"start":{"line":43,"column":37},"end":{"line":43,"column":40}}],"line":43},"1":{"loc":{"start":{"line":43,"column":58},"end":{"line":43,"column":132}},"type":"binary-expr","locations":[{"start":{"line":43,"column":58},"end":{"line":43,"column":69}},{"start":{"line":43,"column":73},"end":{"line":43,"column":132}}],"line":43}},"s":{"0":1,"1":1,"2":1,"3":2,"4":2,"5":2,"6":1,"7":1,"8":1,"9":2,"10":2,"11":2,"12":1,"13":1,"14":1,"15":2,"16":2,"17":2,"18":2,"19":2,"20":0,"21":2,"22":2,"23":1,"24":1,"25":1},"f":{"0":2,"1":2,"2":2},"b":{"0":[1,0],"1":[1,0]},"_coverageSchema":"1a1c01bbd47fc00a2c39e90264f33305004495a9","hash":"4bb560c59daf8e86025776d6fd58853f60242146"}
,"/home/julianquino/Users/src/database/authDatabase.js": {"path":"/home/julianquino/Users/src/database/authDatabase.js","statementMap":{"0":{"start":{"line":1,"column":15},"end":{"line":1,"column":32}},"1":{"start":{"line":2,"column":25},"end":{"line":2,"column":50}},"2":{"start":{"line":3,"column":18},"end":{"line":3,"column":50}},"3":{"start":{"line":6,"column":19},"end":{"line":6,"column":37}},"4":{"start":{"line":7,"column":4},"end":{"line":31,"column":5}},"5":{"start":{"line":8,"column":8},"end":{"line":20,"column":11}},"6":{"start":{"line":22,"column":8},"end":{"line":28,"column":11}},"7":{"start":{"line":25,"column":16},"end":{"line":25,"column":77}},"8":{"start":{"line":27,"column":16},"end":{"line":27,"column":102}},"9":{"start":{"line":30,"column":8},"end":{"line":30,"column":35}},"10":{"start":{"line":35,"column":19},"end":{"line":35,"column":37}},"11":{"start":{"line":37,"column":4},"end":{"line":47,"column":5}},"12":{"start":{"line":38,"column":8},"end":{"line":42,"column":11}},"13":{"start":{"line":44,"column":8},"end":{"line":44,"column":94}},"14":{"start":{"line":46,"column":8},"end":{"line":46,"column":35}},"15":{"start":{"line":51,"column":19},"end":{"line":51,"column":37}},"16":{"start":{"line":53,"column":1},"end":{"line":77,"column":5}},"17":{"start":{"line":54,"column":19},"end":{"line":68,"column":10}},"18":{"start":{"line":70,"column":8},"end":{"line":71,"column":25}},"19":{"start":{"line":71,"column":12},"end":{"line":71,"column":25}},"20":{"start":{"line":72,"column":8},"end":{"line":72,"column":20}},"21":{"start":{"line":74,"column":8},"end":{"line":74,"column":94}},"22":{"start":{"line":76,"column":8},"end":{"line":76,"column":35}},"23":{"start":{"line":81,"column":19},"end":{"line":81,"column":37}},"24":{"start":{"line":83,"column":1},"end":{"line":96,"column":5}},"25":{"start":{"line":84,"column":19},"end":{"line":89,"column":10}},"26":{"start":{"line":91,"column":8},"end":{"line":91,"column":20}},"27":{"start":{"line":93,"column":8},"end":{"line":93,"column":94}},"28":{"start":{"line":95,"column":8},"end":{"line":95,"column":35}},"29":{"start":{"line":100,"column":19},"end":{"line":100,"column":37}},"30":{"start":{"line":102,"column":1},"end":{"line":112,"column":5}},"31":{"start":{"line":103,"column":19},"end":{"line":105,"column":10}},"32":{"start":{"line":107,"column":8},"end":{"line":107,"column":20}},"33":{"start":{"line":109,"column":8},"end":{"line":109,"column":94}},"34":{"start":{"line":111,"column":8},"end":{"line":111,"column":35}},"35":{"start":{"line":116,"column":19},"end":{"line":116,"column":37}},"36":{"start":{"line":118,"column":1},"end":{"line":132,"column":5}},"37":{"start":{"line":119,"column":24},"end":{"line":126,"column":10}},"38":{"start":{"line":127,"column":8},"end":{"line":127,"column":25}},"39":{"start":{"line":129,"column":8},"end":{"line":129,"column":94}},"40":{"start":{"line":131,"column":8},"end":{"line":131,"column":35}},"41":{"start":{"line":136,"column":19},"end":{"line":136,"column":37}},"42":{"start":{"line":138,"column":1},"end":{"line":148,"column":5}},"43":{"start":{"line":139,"column":8},"end":{"line":142,"column":10}},"44":{"start":{"line":145,"column":8},"end":{"line":145,"column":94}},"45":{"start":{"line":147,"column":8},"end":{"line":147,"column":35}},"46":{"start":{"line":152,"column":19},"end":{"line":152,"column":37}},"47":{"start":{"line":153,"column":19},"end":{"line":153,"column":33}},"48":{"start":{"line":154,"column":16},"end":{"line":154,"column":27}},"49":{"start":{"line":155,"column":20},"end":{"line":155,"column":35}},"50":{"start":{"line":156,"column":19},"end":{"line":156,"column":33}},"51":{"start":{"line":158,"column":1},"end":{"line":209,"column":5}},"52":{"start":{"line":159,"column":19},"end":{"line":159,"column":51}},"53":{"start":{"line":160,"column":28},"end":{"line":160,"column":62}},"54":{"start":{"line":161,"column":25},"end":{"line":161,"column":51}},"55":{"start":{"line":162,"column":21},"end":{"line":162,"column":23}},"56":{"start":{"line":163,"column":20},"end":{"line":163,"column":22}},"57":{"start":{"line":164,"column":8},"end":{"line":164,"column":32}},"58":{"start":{"line":165,"column":8},"end":{"line":167,"column":9}},"59":{"start":{"line":166,"column":12},"end":{"line":166,"column":70}},"60":{"start":{"line":168,"column":8},"end":{"line":170,"column":9}},"61":{"start":{"line":169,"column":12},"end":{"line":169,"column":64}},"62":{"start":{"line":171,"column":8},"end":{"line":178,"column":9}},"63":{"start":{"line":172,"column":12},"end":{"line":174,"column":13}},"64":{"start":{"line":173,"column":16},"end":{"line":173,"column":39}},"65":{"start":{"line":175,"column":12},"end":{"line":177,"column":13}},"66":{"start":{"line":176,"column":16},"end":{"line":176,"column":40}},"67":{"start":{"line":180,"column":8},"end":{"line":182,"column":9}},"68":{"start":{"line":181,"column":12},"end":{"line":181,"column":37}},"69":{"start":{"line":184,"column":25},"end":{"line":186,"column":10}},"70":{"start":{"line":187,"column":24},"end":{"line":187,"column":61}},"71":{"start":{"line":188,"column":26},"end":{"line":188,"column":35}},"72":{"start":{"line":189,"column":8},"end":{"line":189,"column":39}},"73":{"start":{"line":190,"column":8},"end":{"line":190,"column":37}},"74":{"start":{"line":191,"column":8},"end":{"line":191,"column":41}},"75":{"start":{"line":193,"column":8},"end":{"line":203,"column":11}},"76":{"start":{"line":204,"column":8},"end":{"line":204,"column":22}},"77":{"start":{"line":206,"column":8},"end":{"line":206,"column":94}},"78":{"start":{"line":208,"column":8},"end":{"line":208,"column":35}},"79":{"start":{"line":212,"column":0},"end":{"line":221,"column":2}}},"fnMap":{"0":{"name":"createUser","decl":{"start":{"line":5,"column":15},"end":{"line":5,"column":25}},"loc":{"start":{"line":5,"column":93},"end":{"line":32,"column":1}},"line":5},"1":{"name":"deleteUser","decl":{"start":{"line":34,"column":15},"end":{"line":34,"column":25}},"loc":{"start":{"line":34,"column":35},"end":{"line":48,"column":1}},"line":34},"2":{"name":"verifyUser","decl":{"start":{"line":50,"column":15},"end":{"line":50,"column":25}},"loc":{"start":{"line":50,"column":60},"end":{"line":78,"column":1}},"line":50},"3":{"name":"verifyUserGoogle","decl":{"start":{"line":80,"column":15},"end":{"line":80,"column":31}},"loc":{"start":{"line":80,"column":38},"end":{"line":97,"column":1}},"line":80},"4":{"name":"getUser","decl":{"start":{"line":99,"column":15},"end":{"line":99,"column":22}},"loc":{"start":{"line":99,"column":32},"end":{"line":113,"column":1}},"line":99},"5":{"name":"searchUser","decl":{"start":{"line":115,"column":15},"end":{"line":115,"column":25}},"loc":{"start":{"line":115,"column":31},"end":{"line":133,"column":1}},"line":115},"6":{"name":"updateUser","decl":{"start":{"line":135,"column":15},"end":{"line":135,"column":25}},"loc":{"start":{"line":135,"column":31},"end":{"line":149,"column":1}},"line":135},"7":{"name":"getUsersPagination","decl":{"start":{"line":151,"column":15},"end":{"line":151,"column":33}},"loc":{"start":{"line":151,"column":49},"end":{"line":210,"column":1}},"line":151}},"branchMap":{"0":{"loc":{"start":{"line":14,"column":26},"end":{"line":14,"column":47}},"type":"cond-expr","locations":[{"start":{"line":14,"column":36},"end":{"line":14,"column":40}},{"start":{"line":14,"column":43},"end":{"line":14,"column":47}}],"line":14},"1":{"loc":{"start":{"line":22,"column":8},"end":{"line":28,"column":11}},"type":"switch","locations":[{"start":{"line":23,"column":12},"end":{"line":23,"column":25}},{"start":{"line":24,"column":12},"end":{"line":25,"column":77}},{"start":{"line":26,"column":12},"end":{"line":27,"column":102}}],"line":22},"2":{"loc":{"start":{"line":70,"column":8},"end":{"line":71,"column":25}},"type":"if","locations":[{"start":{"line":70,"column":8},"end":{"line":71,"column":25}},{"start":{},"end":{}}],"line":70},"3":{"loc":{"start":{"line":70,"column":11},"end":{"line":70,"column":64}},"type":"binary-expr","locations":[{"start":{"line":70,"column":11},"end":{"line":70,"column":16}},{"start":{"line":70,"column":20},"end":{"line":70,"column":64}}],"line":70},"4":{"loc":{"start":{"line":159,"column":19},"end":{"line":159,"column":51}},"type":"binary-expr","locations":[{"start":{"line":159,"column":19},"end":{"line":159,"column":46}},{"start":{"line":159,"column":50},"end":{"line":159,"column":51}}],"line":159},"5":{"loc":{"start":{"line":160,"column":28},"end":{"line":160,"column":62}},"type":"binary-expr","locations":[{"start":{"line":160,"column":28},"end":{"line":160,"column":57}},{"start":{"line":160,"column":61},"end":{"line":160,"column":62}}],"line":160},"6":{"loc":{"start":{"line":165,"column":8},"end":{"line":167,"column":9}},"type":"if","locations":[{"start":{"line":165,"column":8},"end":{"line":167,"column":9}},{"start":{},"end":{}}],"line":165},"7":{"loc":{"start":{"line":168,"column":8},"end":{"line":170,"column":9}},"type":"if","locations":[{"start":{"line":168,"column":8},"end":{"line":170,"column":9}},{"start":{},"end":{}}],"line":168},"8":{"loc":{"start":{"line":171,"column":8},"end":{"line":178,"column":9}},"type":"if","locations":[{"start":{"line":171,"column":8},"end":{"line":178,"column":9}},{"start":{},"end":{}}],"line":171},"9":{"loc":{"start":{"line":172,"column":12},"end":{"line":174,"column":13}},"type":"if","locations":[{"start":{"line":172,"column":12},"end":{"line":174,"column":13}},{"start":{},"end":{}}],"line":172},"10":{"loc":{"start":{"line":175,"column":12},"end":{"line":177,"column":13}},"type":"if","locations":[{"start":{"line":175,"column":12},"end":{"line":177,"column":13}},{"start":{},"end":{}}],"line":175},"11":{"loc":{"start":{"line":180,"column":8},"end":{"line":182,"column":9}},"type":"if","locations":[{"start":{"line":180,"column":8},"end":{"line":182,"column":9}},{"start":{},"end":{}}],"line":180},"12":{"loc":{"start":{"line":188,"column":26},"end":{"line":188,"column":35}},"type":"binary-expr","locations":[{"start":{"line":188,"column":26},"end":{"line":188,"column":30}},{"start":{"line":188,"column":34},"end":{"line":188,"column":35}}],"line":188}},"s":{"0":7,"1":7,"2":7,"3":0,"4":0,"5":0,"6":0,"7":0,"8":0,"9":0,"10":0,"11":0,"12":0,"13":0,"14":0,"15":0,"16":0,"17":0,"18":0,"19":0,"20":0,"21":0,"22":0,"23":0,"24":0,"25":0,"26":0,"27":0,"28":0,"29":0,"30":0,"31":0,"32":0,"33":0,"34":0,"35":0,"36":0,"37":0,"38":0,"39":0,"40":0,"41":0,"42":0,"43":0,"44":0,"45":0,"46":0,"47":0,"48":0,"49":0,"50":0,"51":0,"52":0,"53":0,"54":0,"55":0,"56":0,"57":0,"58":0,"59":0,"60":0,"61":0,"62":0,"63":0,"64":0,"65":0,"66":0,"67":0,"68":0,"69":0,"70":0,"71":0,"72":0,"73":0,"74":0,"75":0,"76":0,"77":0,"78":0,"79":7},"f":{"0":0,"1":0,"2":0,"3":0,"4":0,"5":0,"6":0,"7":0},"b":{"0":[0,0],"1":[0,0,0],"2":[0,0],"3":[0,0],"4":[0,0],"5":[0,0],"6":[0,0],"7":[0,0],"8":[0,0],"9":[0,0],"10":[0,0],"11":[0,0],"12":[0,0]},"_coverageSchema":"1a1c01bbd47fc00a2c39e90264f33305004495a9","hash":"ce848b7b540c3b5b7574e7b19035f4f7e11e2757"}
,"/home/julianquino/Users/src/services/authService.js": {"path":"/home/julianquino/Users/src/services/authService.js","statementMap":{"0":{"start":{"line":1,"column":15},"end":{"line":1,"column":32}},"1":{"start":{"line":2,"column":21},"end":{"line":2,"column":45}},"2":{"start":{"line":3,"column":81},"end":{"line":3,"column":108}},"3":{"start":{"line":4,"column":21},"end":{"line":4,"column":56}},"4":{"start":{"line":5,"column":18},"end":{"line":5,"column":40}},"5":{"start":{"line":6,"column":13},"end":{"line":6,"column":30}},"6":{"start":{"line":7,"column":18},"end":{"line":7,"column":36}},"7":{"start":{"line":9,"column":21},"end":{"line":9,"column":23}},"8":{"start":{"line":10,"column":23},"end":{"line":10,"column":24}},"9":{"start":{"line":11,"column":22},"end":{"line":11,"column":44}},"10":{"start":{"line":12,"column":22},"end":{"line":12,"column":52}},"11":{"start":{"line":13,"column":19},"end":{"line":13,"column":157}},"12":{"start":{"line":16,"column":12},"end":{"line":16,"column":51}},"13":{"start":{"line":17,"column":1},"end":{"line":17,"column":13}},"14":{"start":{"line":21,"column":1},"end":{"line":26,"column":54}},"15":{"start":{"line":22,"column":2},"end":{"line":22,"column":54}},"16":{"start":{"line":23,"column":6},"end":{"line":26,"column":54}},"17":{"start":{"line":24,"column":2},"end":{"line":24,"column":51}},"18":{"start":{"line":25,"column":6},"end":{"line":26,"column":54}},"19":{"start":{"line":26,"column":2},"end":{"line":26,"column":54}},"20":{"start":{"line":28,"column":1},"end":{"line":42,"column":2}},"21":{"start":{"line":29,"column":13},"end":{"line":29,"column":49}},"22":{"start":{"line":30,"column":2},"end":{"line":34,"column":3}},"23":{"start":{"line":31,"column":3},"end":{"line":33,"column":4}},"24":{"start":{"line":32,"column":4},"end":{"line":32,"column":44}},"25":{"start":{"line":35,"column":13},"end":{"line":35,"column":143}},"26":{"start":{"line":36,"column":2},"end":{"line":36,"column":38}},"27":{"start":{"line":37,"column":2},"end":{"line":37,"column":79}},"28":{"start":{"line":38,"column":13},"end":{"line":38,"column":57}},"29":{"start":{"line":39,"column":2},"end":{"line":39,"column":69}},"30":{"start":{"line":41,"column":2},"end":{"line":41,"column":12}},"31":{"start":{"line":46,"column":1},"end":{"line":59,"column":2}},"32":{"start":{"line":47,"column":13},"end":{"line":47,"column":49}},"33":{"start":{"line":48,"column":2},"end":{"line":50,"column":3}},"34":{"start":{"line":49,"column":3},"end":{"line":49,"column":47}},"35":{"start":{"line":51,"column":2},"end":{"line":53,"column":3}},"36":{"start":{"line":52,"column":3},"end":{"line":52,"column":47}},"37":{"start":{"line":54,"column":2},"end":{"line":54,"column":22}},"38":{"start":{"line":55,"column":2},"end":{"line":55,"column":36}},"39":{"start":{"line":56,"column":2},"end":{"line":56,"column":38}},"40":{"start":{"line":58,"column":2},"end":{"line":58,"column":12}},"41":{"start":{"line":63,"column":1},"end":{"line":67,"column":2}},"42":{"start":{"line":64,"column":2},"end":{"line":64,"column":42}},"43":{"start":{"line":66,"column":2},"end":{"line":66,"column":12}},"44":{"start":{"line":71,"column":1},"end":{"line":74,"column":54}},"45":{"start":{"line":72,"column":2},"end":{"line":72,"column":63}},"46":{"start":{"line":73,"column":6},"end":{"line":74,"column":54}},"47":{"start":{"line":74,"column":2},"end":{"line":74,"column":54}},"48":{"start":{"line":76,"column":14},"end":{"line":76,"column":76}},"49":{"start":{"line":78,"column":1},"end":{"line":79,"column":60}},"50":{"start":{"line":79,"column":2},"end":{"line":79,"column":60}},"51":{"start":{"line":80,"column":1},"end":{"line":81,"column":44}},"52":{"start":{"line":81,"column":2},"end":{"line":81,"column":44}},"53":{"start":{"line":83,"column":1},"end":{"line":83,"column":13}},"54":{"start":{"line":87,"column":1},"end":{"line":87,"column":34}},"55":{"start":{"line":88,"column":11},"end":{"line":88,"column":12}},"56":{"start":{"line":89,"column":12},"end":{"line":89,"column":44}},"57":{"start":{"line":90,"column":1},"end":{"line":94,"column":2}},"58":{"start":{"line":91,"column":2},"end":{"line":91,"column":8}},"59":{"start":{"line":92,"column":2},"end":{"line":92,"column":20}},"60":{"start":{"line":93,"column":2},"end":{"line":93,"column":42}},"61":{"start":{"line":95,"column":1},"end":{"line":96,"column":51}},"62":{"start":{"line":96,"column":2},"end":{"line":96,"column":51}},"63":{"start":{"line":98,"column":1},"end":{"line":106,"column":2}},"64":{"start":{"line":99,"column":13},"end":{"line":99,"column":129}},"65":{"start":{"line":100,"column":17},"end":{"line":100,"column":37}},"66":{"start":{"line":101,"column":2},"end":{"line":101,"column":74}},"67":{"start":{"line":102,"column":13},"end":{"line":102,"column":45}},"68":{"start":{"line":103,"column":2},"end":{"line":103,"column":14}},"69":{"start":{"line":105,"column":2},"end":{"line":105,"column":12}},"70":{"start":{"line":110,"column":1},"end":{"line":111,"column":63}},"71":{"start":{"line":111,"column":2},"end":{"line":111,"column":63}},"72":{"start":{"line":113,"column":14},"end":{"line":113,"column":56}},"73":{"start":{"line":114,"column":1},"end":{"line":115,"column":46}},"74":{"start":{"line":115,"column":2},"end":{"line":115,"column":46}},"75":{"start":{"line":116,"column":1},"end":{"line":117,"column":44}},"76":{"start":{"line":117,"column":2},"end":{"line":117,"column":44}},"77":{"start":{"line":119,"column":1},"end":{"line":119,"column":22}},"78":{"start":{"line":123,"column":12},"end":{"line":123,"column":48}},"79":{"start":{"line":124,"column":1},"end":{"line":126,"column":2}},"80":{"start":{"line":125,"column":2},"end":{"line":125,"column":46}},"81":{"start":{"line":127,"column":12},"end":{"line":127,"column":142}},"82":{"start":{"line":129,"column":1},"end":{"line":129,"column":21}},"83":{"start":{"line":130,"column":1},"end":{"line":130,"column":39}},"84":{"start":{"line":131,"column":1},"end":{"line":131,"column":66}},"85":{"start":{"line":132,"column":1},"end":{"line":132,"column":37}},"86":{"start":{"line":133,"column":12},"end":{"line":133,"column":52}},"87":{"start":{"line":134,"column":1},"end":{"line":134,"column":64}},"88":{"start":{"line":138,"column":12},"end":{"line":138,"column":48}},"89":{"start":{"line":139,"column":1},"end":{"line":141,"column":2}},"90":{"start":{"line":140,"column":2},"end":{"line":140,"column":46}},"91":{"start":{"line":142,"column":22},"end":{"line":142,"column":51}},"92":{"start":{"line":143,"column":15},"end":{"line":143,"column":25}},"93":{"start":{"line":144,"column":1},"end":{"line":146,"column":2}},"94":{"start":{"line":145,"column":2},"end":{"line":145,"column":76}},"95":{"start":{"line":147,"column":1},"end":{"line":149,"column":2}},"96":{"start":{"line":148,"column":2},"end":{"line":148,"column":46}},"97":{"start":{"line":150,"column":1},"end":{"line":150,"column":13}},"98":{"start":{"line":154,"column":1},"end":{"line":155,"column":54}},"99":{"start":{"line":155,"column":2},"end":{"line":155,"column":54}},"100":{"start":{"line":156,"column":12},"end":{"line":156,"column":48}},"101":{"start":{"line":157,"column":1},"end":{"line":159,"column":2}},"102":{"start":{"line":158,"column":2},"end":{"line":158,"column":46}},"103":{"start":{"line":160,"column":1},"end":{"line":160,"column":49}},"104":{"start":{"line":161,"column":1},"end":{"line":161,"column":42}},"105":{"start":{"line":162,"column":1},"end":{"line":162,"column":21}},"106":{"start":{"line":163,"column":1},"end":{"line":163,"column":28}},"107":{"start":{"line":164,"column":1},"end":{"line":164,"column":37}},"108":{"start":{"line":168,"column":1},"end":{"line":173,"column":54}},"109":{"start":{"line":169,"column":2},"end":{"line":169,"column":54}},"110":{"start":{"line":170,"column":6},"end":{"line":173,"column":54}},"111":{"start":{"line":171,"column":2},"end":{"line":171,"column":51}},"112":{"start":{"line":172,"column":6},"end":{"line":173,"column":54}},"113":{"start":{"line":173,"column":2},"end":{"line":173,"column":54}},"114":{"start":{"line":175,"column":1},"end":{"line":180,"column":2}},"115":{"start":{"line":176,"column":2},"end":{"line":176,"column":38}},"116":{"start":{"line":177,"column":2},"end":{"line":177,"column":77}},"117":{"start":{"line":179,"column":2},"end":{"line":179,"column":12}},"118":{"start":{"line":184,"column":1},"end":{"line":187,"column":54}},"119":{"start":{"line":185,"column":2},"end":{"line":185,"column":51}},"120":{"start":{"line":186,"column":6},"end":{"line":187,"column":54}},"121":{"start":{"line":187,"column":2},"end":{"line":187,"column":54}},"122":{"start":{"line":189,"column":14},"end":{"line":189,"column":66}},"123":{"start":{"line":191,"column":1},"end":{"line":192,"column":57}},"124":{"start":{"line":192,"column":2},"end":{"line":192,"column":57}},"125":{"start":{"line":194,"column":1},"end":{"line":194,"column":13}},"126":{"start":{"line":198,"column":12},"end":{"line":198,"column":48}},"127":{"start":{"line":199,"column":1},"end":{"line":201,"column":2}},"128":{"start":{"line":200,"column":2},"end":{"line":200,"column":46}},"129":{"start":{"line":202,"column":1},"end":{"line":204,"column":2}},"130":{"start":{"line":203,"column":2},"end":{"line":203,"column":44}},"131":{"start":{"line":205,"column":1},"end":{"line":205,"column":13}},"132":{"start":{"line":208,"column":0},"end":{"line":221,"column":2}}},"fnMap":{"0":{"name":"ecryptPassword","decl":{"start":{"line":15,"column":9},"end":{"line":15,"column":23}},"loc":{"start":{"line":15,"column":33},"end":{"line":18,"column":1}},"line":15},"1":{"name":"signUp","decl":{"start":{"line":20,"column":15},"end":{"line":20,"column":21}},"loc":{"start":{"line":20,"column":48},"end":{"line":43,"column":1}},"line":20},"2":{"name":"signUpConfirm","decl":{"start":{"line":45,"column":15},"end":{"line":45,"column":28}},"loc":{"start":{"line":45,"column":44},"end":{"line":60,"column":1}},"line":45},"3":{"name":"deleteUser","decl":{"start":{"line":62,"column":15},"end":{"line":62,"column":25}},"loc":{"start":{"line":62,"column":35},"end":{"line":68,"column":1}},"line":62},"4":{"name":"signIn","decl":{"start":{"line":70,"column":15},"end":{"line":70,"column":21}},"loc":{"start":{"line":70,"column":47},"end":{"line":84,"column":1}},"line":70},"5":{"name":"signUpGoogle","decl":{"start":{"line":86,"column":15},"end":{"line":86,"column":27}},"loc":{"start":{"line":86,"column":40},"end":{"line":107,"column":1}},"line":86},"6":{"name":"signInGoogle","decl":{"start":{"line":109,"column":15},"end":{"line":109,"column":27}},"loc":{"start":{"line":109,"column":34},"end":{"line":120,"column":1}},"line":109},"7":{"name":"recoverPassword","decl":{"start":{"line":122,"column":15},"end":{"line":122,"column":30}},"loc":{"start":{"line":122,"column":40},"end":{"line":135,"column":1}},"line":122},"8":{"name":"verifyCodeRecoverPassword","decl":{"start":{"line":137,"column":15},"end":{"line":137,"column":40}},"loc":{"start":{"line":137,"column":56},"end":{"line":151,"column":1}},"line":137},"9":{"name":"setPassword","decl":{"start":{"line":153,"column":15},"end":{"line":153,"column":26}},"loc":{"start":{"line":153,"column":52},"end":{"line":165,"column":1}},"line":153},"10":{"name":"signUpAdmin","decl":{"start":{"line":167,"column":15},"end":{"line":167,"column":26}},"loc":{"start":{"line":167,"column":53},"end":{"line":181,"column":1}},"line":167},"11":{"name":"signInAdmin","decl":{"start":{"line":183,"column":15},"end":{"line":183,"column":26}},"loc":{"start":{"line":183,"column":43},"end":{"line":195,"column":1}},"line":183},"12":{"name":"verifyAuthUser","decl":{"start":{"line":197,"column":15},"end":{"line":197,"column":29}},"loc":{"start":{"line":197,"column":39},"end":{"line":206,"column":1}},"line":197}},"branchMap":{"0":{"loc":{"start":{"line":21,"column":1},"end":{"line":26,"column":54}},"type":"if","locations":[{"start":{"line":21,"column":1},"end":{"line":26,"column":54}},{"start":{"line":23,"column":6},"end":{"line":26,"column":54}}],"line":21},"1":{"loc":{"start":{"line":21,"column":4},"end":{"line":21,"column":46}},"type":"binary-expr","locations":[{"start":{"line":21,"column":4},"end":{"line":21,"column":33}},{"start":{"line":21,"column":37},"end":{"line":21,"column":46}}],"line":21},"2":{"loc":{"start":{"line":23,"column":6},"end":{"line":26,"column":54}},"type":"if","locations":[{"start":{"line":23,"column":6},"end":{"line":26,"column":54}},{"start":{"line":25,"column":6},"end":{"line":26,"column":54}}],"line":23},"3":{"loc":{"start":{"line":25,"column":6},"end":{"line":26,"column":54}},"type":"if","locations":[{"start":{"line":25,"column":6},"end":{"line":26,"column":54}},{"start":{},"end":{}}],"line":25},"4":{"loc":{"start":{"line":30,"column":2},"end":{"line":34,"column":3}},"type":"if","locations":[{"start":{"line":30,"column":2},"end":{"line":34,"column":3}},{"start":{},"end":{}}],"line":30},"5":{"loc":{"start":{"line":31,"column":3},"end":{"line":33,"column":4}},"type":"if","locations":[{"start":{"line":31,"column":3},"end":{"line":33,"column":4}},{"start":{},"end":{}}],"line":31},"6":{"loc":{"start":{"line":48,"column":2},"end":{"line":50,"column":3}},"type":"if","locations":[{"start":{"line":48,"column":2},"end":{"line":50,"column":3}},{"start":{},"end":{}}],"line":48},"7":{"loc":{"start":{"line":51,"column":2},"end":{"line":53,"column":3}},"type":"if","locations":[{"start":{"line":51,"column":2},"end":{"line":53,"column":3}},{"start":{},"end":{}}],"line":51},"8":{"loc":{"start":{"line":71,"column":1},"end":{"line":74,"column":54}},"type":"if","locations":[{"start":{"line":71,"column":1},"end":{"line":74,"column":54}},{"start":{"line":73,"column":6},"end":{"line":74,"column":54}}],"line":71},"9":{"loc":{"start":{"line":71,"column":4},"end":{"line":71,"column":75}},"type":"binary-expr","locations":[{"start":{"line":71,"column":4},"end":{"line":71,"column":39}},{"start":{"line":71,"column":43},"end":{"line":71,"column":75}}],"line":71},"10":{"loc":{"start":{"line":73,"column":6},"end":{"line":74,"column":54}},"type":"if","locations":[{"start":{"line":73,"column":6},"end":{"line":74,"column":54}},{"start":{},"end":{}}],"line":73},"11":{"loc":{"start":{"line":78,"column":1},"end":{"line":79,"column":60}},"type":"if","locations":[{"start":{"line":78,"column":1},"end":{"line":79,"column":60}},{"start":{},"end":{}}],"line":78},"12":{"loc":{"start":{"line":80,"column":1},"end":{"line":81,"column":44}},"type":"if","locations":[{"start":{"line":80,"column":1},"end":{"line":81,"column":44}},{"start":{},"end":{}}],"line":80},"13":{"loc":{"start":{"line":95,"column":1},"end":{"line":96,"column":51}},"type":"if","locations":[{"start":{"line":95,"column":1},"end":{"line":96,"column":51}},{"start":{},"end":{}}],"line":95},"14":{"loc":{"start":{"line":110,"column":1},"end":{"line":111,"column":63}},"type":"if","locations":[{"start":{"line":110,"column":1},"end":{"line":111,"column":63}},{"start":{},"end":{}}],"line":110},"15":{"loc":{"start":{"line":114,"column":1},"end":{"line":115,"column":46}},"type":"if","locations":[{"start":{"line":114,"column":1},"end":{"line":115,"column":46}},{"start":{},"end":{}}],"line":114},"16":{"loc":{"start":{"line":116,"column":1},"end":{"line":117,"column":44}},"type":"if","locations":[{"start":{"line":116,"column":1},"end":{"line":117,"column":44}},{"start":{},"end":{}}],"line":116},"17":{"loc":{"start":{"line":124,"column":1},"end":{"line":126,"column":2}},"type":"if","locations":[{"start":{"line":124,"column":1},"end":{"line":126,"column":2}},{"start":{},"end":{}}],"line":124},"18":{"loc":{"start":{"line":139,"column":1},"end":{"line":141,"column":2}},"type":"if","locations":[{"start":{"line":139,"column":1},"end":{"line":141,"column":2}},{"start":{},"end":{}}],"line":139},"19":{"loc":{"start":{"line":144,"column":1},"end":{"line":146,"column":2}},"type":"if","locations":[{"start":{"line":144,"column":1},"end":{"line":146,"column":2}},{"start":{},"end":{}}],"line":144},"20":{"loc":{"start":{"line":147,"column":1},"end":{"line":149,"column":2}},"type":"if","locations":[{"start":{"line":147,"column":1},"end":{"line":149,"column":2}},{"start":{},"end":{}}],"line":147},"21":{"loc":{"start":{"line":154,"column":1},"end":{"line":155,"column":54}},"type":"if","locations":[{"start":{"line":154,"column":1},"end":{"line":155,"column":54}},{"start":{},"end":{}}],"line":154},"22":{"loc":{"start":{"line":157,"column":1},"end":{"line":159,"column":2}},"type":"if","locations":[{"start":{"line":157,"column":1},"end":{"line":159,"column":2}},{"start":{},"end":{}}],"line":157},"23":{"loc":{"start":{"line":168,"column":1},"end":{"line":173,"column":54}},"type":"if","locations":[{"start":{"line":168,"column":1},"end":{"line":173,"column":54}},{"start":{"line":170,"column":6},"end":{"line":173,"column":54}}],"line":168},"24":{"loc":{"start":{"line":170,"column":6},"end":{"line":173,"column":54}},"type":"if","locations":[{"start":{"line":170,"column":6},"end":{"line":173,"column":54}},{"start":{"line":172,"column":6},"end":{"line":173,"column":54}}],"line":170},"25":{"loc":{"start":{"line":172,"column":6},"end":{"line":173,"column":54}},"type":"if","locations":[{"start":{"line":172,"column":6},"end":{"line":173,"column":54}},{"start":{},"end":{}}],"line":172},"26":{"loc":{"start":{"line":184,"column":1},"end":{"line":187,"column":54}},"type":"if","locations":[{"start":{"line":184,"column":1},"end":{"line":187,"column":54}},{"start":{"line":186,"column":6},"end":{"line":187,"column":54}}],"line":184},"27":{"loc":{"start":{"line":186,"column":6},"end":{"line":187,"column":54}},"type":"if","locations":[{"start":{"line":186,"column":6},"end":{"line":187,"column":54}},{"start":{},"end":{}}],"line":186},"28":{"loc":{"start":{"line":191,"column":1},"end":{"line":192,"column":57}},"type":"if","locations":[{"start":{"line":191,"column":1},"end":{"line":192,"column":57}},{"start":{},"end":{}}],"line":191},"29":{"loc":{"start":{"line":199,"column":1},"end":{"line":201,"column":2}},"type":"if","locations":[{"start":{"line":199,"column":1},"end":{"line":201,"column":2}},{"start":{},"end":{}}],"line":199},"30":{"loc":{"start":{"line":202,"column":1},"end":{"line":204,"column":2}},"type":"if","locations":[{"start":{"line":202,"column":1},"end":{"line":204,"column":2}},{"start":{},"end":{}}],"line":202}},"s":{"0":3,"1":3,"2":3,"3":3,"4":3,"5":3,"6":3,"7":3,"8":3,"9":3,"10":3,"11":3,"12":3,"13":3,"14":6,"15":1,"16":5,"17":1,"18":4,"19":1,"20":3,"21":3,"22":3,"23":0,"24":0,"25":3,"26":3,"27":3,"28":2,"29":2,"30":1,"31":4,"32":4,"33":4,"34":1,"35":3,"36":1,"37":2,"38":2,"39":2,"40":3,"41":1,"42":1,"43":1,"44":6,"45":1,"46":5,"47":3,"48":2,"49":1,"50":0,"51":1,"52":0,"53":1,"54":0,"55":0,"56":0,"57":0,"58":0,"59":0,"60":0,"61":0,"62":0,"63":0,"64":0,"65":0,"66":0,"67":0,"68":0,"69":0,"70":4,"71":1,"72":3,"73":3,"74":1,"75":2,"76":1,"77":1,"78":2,"79":2,"80":1,"81":1,"82":1,"83":1,"84":1,"85":1,"86":0,"87":0,"88":4,"89":4,"90":1,"91":3,"92":3,"93":3,"94":1,"95":2,"96":1,"97":1,"98":0,"99":0,"100":0,"101":0,"102":0,"103":0,"104":0,"105":0,"106":0,"107":0,"108":0,"109":0,"110":0,"111":0,"112":0,"113":0,"114":0,"115":0,"116":0,"117":0,"118":0,"119":0,"120":0,"121":0,"122":0,"123":0,"124":0,"125":0,"126":0,"127":0,"128":0,"129":0,"130":0,"131":0,"132":3},"f":{"0":3,"1":6,"2":4,"3":1,"4":6,"5":0,"6":4,"7":2,"8":4,"9":0,"10":0,"11":0,"12":0},"b":{"0":[1,5],"1":[6,5],"2":[1,4],"3":[1,3],"4":[0,3],"5":[0,0],"6":[1,3],"7":[1,2],"8":[1,5],"9":[6,1],"10":[3,2],"11":[0,1],"12":[0,1],"13":[0,0],"14":[1,3],"15":[1,2],"16":[1,1],"17":[1,1],"18":[1,3],"19":[1,2],"20":[1,1],"21":[0,0],"22":[0,0],"23":[0,0],"24":[0,0],"25":[0,0],"26":[0,0],"27":[0,0],"28":[0,0],"29":[0,0],"30":[0,0]},"_coverageSchema":"1a1c01bbd47fc00a2c39e90264f33305004495a9","hash":"0a726ea64f395fcabe759103a3b90ec86da5873b"}
,"/home/julianquino/Users/src/services/exception.js": {"path":"/home/julianquino/Users/src/services/exception.js","statementMap":{"0":{"start":{"line":3,"column":8},"end":{"line":3,"column":23}},"1":{"start":{"line":4,"column":8},"end":{"line":4,"column":37}},"2":{"start":{"line":8,"column":0},"end":{"line":8,"column":27}}},"fnMap":{"0":{"name":"(anonymous_0)","decl":{"start":{"line":2,"column":4},"end":{"line":2,"column":5}},"loc":{"start":{"line":2,"column":37},"end":{"line":5,"column":5}},"line":2}},"branchMap":{},"s":{"0":59,"1":59,"2":12},"f":{"0":59},"b":{},"_coverageSchema":"1a1c01bbd47fc00a2c39e90264f33305004495a9","hash":"305f2ba14e3f9a68115d2ac0630717563bfc21ef"}
,"/home/julianquino/Users/src/services/mail.js": {"path":"/home/julianquino/Users/src/services/mail.js","statementMap":{"0":{"start":{"line":1,"column":25},"end":{"line":1,"column":52}},"1":{"start":{"line":4,"column":1},"end":{"line":9,"column":4}},"2":{"start":{"line":12,"column":0},"end":{"line":14,"column":2}}},"fnMap":{"0":{"name":"sendMailCode","decl":{"start":{"line":3,"column":15},"end":{"line":3,"column":27}},"loc":{"start":{"line":3,"column":51},"end":{"line":10,"column":1}},"line":3}},"branchMap":{},"s":{"0":3,"1":0,"2":3},"f":{"0":0},"b":{},"_coverageSchema":"1a1c01bbd47fc00a2c39e90264f33305004495a9","hash":"a24c54ba08fd3cc6bf1188a4961681c58db89c93"}
,"/home/julianquino/Users/src/services/tokenService.js": {"path":"/home/julianquino/Users/src/services/tokenService.js","statementMap":{"0":{"start":{"line":1,"column":12},"end":{"line":1,"column":35}},"1":{"start":{"line":4,"column":1},"end":{"line":6,"column":37}},"2":{"start":{"line":9,"column":0},"end":{"line":11,"column":2}}},"fnMap":{"0":{"name":"sessionToken","decl":{"start":{"line":3,"column":9},"end":{"line":3,"column":21}},"loc":{"start":{"line":3,"column":31},"end":{"line":7,"column":1}},"line":3}},"branchMap":{},"s":{"0":3,"1":6,"2":3},"f":{"0":6},"b":{},"_coverageSchema":"1a1c01bbd47fc00a2c39e90264f33305004495a9","hash":"0887deea83e5cc1529c632052c94c7ebca937d15"}
,"/home/julianquino/Users/src/services/userService.js": {"path":"/home/julianquino/Users/src/services/userService.js","statementMap":{"0":{"start":{"line":1,"column":21},"end":{"line":1,"column":56}},"1":{"start":{"line":2,"column":18},"end":{"line":2,"column":40}},"2":{"start":{"line":5,"column":1},"end":{"line":13,"column":2}},"3":{"start":{"line":6,"column":18},"end":{"line":6,"column":53}},"4":{"start":{"line":7,"column":8},"end":{"line":9,"column":9}},"5":{"start":{"line":8,"column":12},"end":{"line":8,"column":56}},"6":{"start":{"line":10,"column":8},"end":{"line":10,"column":70}},"7":{"start":{"line":12,"column":2},"end":{"line":12,"column":12}},"8":{"start":{"line":17,"column":1},"end":{"line":30,"column":2}},"9":{"start":{"line":18,"column":19},"end":{"line":18,"column":55}},"10":{"start":{"line":19,"column":2},"end":{"line":21,"column":3}},"11":{"start":{"line":20,"column":3},"end":{"line":20,"column":47}},"12":{"start":{"line":22,"column":8},"end":{"line":24,"column":3}},"13":{"start":{"line":23,"column":3},"end":{"line":23,"column":66}},"14":{"start":{"line":25,"column":8},"end":{"line":25,"column":30}},"15":{"start":{"line":26,"column":2},"end":{"line":26,"column":30}},"16":{"start":{"line":27,"column":2},"end":{"line":27,"column":38}},"17":{"start":{"line":29,"column":2},"end":{"line":29,"column":12}},"18":{"start":{"line":34,"column":1},"end":{"line":43,"column":2}},"19":{"start":{"line":35,"column":19},"end":{"line":35,"column":55}},"20":{"start":{"line":36,"column":2},"end":{"line":38,"column":3}},"21":{"start":{"line":37,"column":3},"end":{"line":37,"column":47}},"22":{"start":{"line":40,"column":8},"end":{"line":40,"column":28}},"23":{"start":{"line":42,"column":2},"end":{"line":42,"column":12}},"24":{"start":{"line":47,"column":1},"end":{"line":60,"column":2}},"25":{"start":{"line":48,"column":19},"end":{"line":48,"column":55}},"26":{"start":{"line":49,"column":2},"end":{"line":51,"column":3}},"27":{"start":{"line":50,"column":3},"end":{"line":50,"column":47}},"28":{"start":{"line":52,"column":8},"end":{"line":54,"column":3}},"29":{"start":{"line":53,"column":3},"end":{"line":53,"column":61}},"30":{"start":{"line":55,"column":8},"end":{"line":55,"column":31}},"31":{"start":{"line":56,"column":2},"end":{"line":56,"column":24}},"32":{"start":{"line":57,"column":2},"end":{"line":57,"column":38}},"33":{"start":{"line":59,"column":2},"end":{"line":59,"column":12}},"34":{"start":{"line":64,"column":1},"end":{"line":70,"column":2}},"35":{"start":{"line":65,"column":21},"end":{"line":65,"column":71}},"36":{"start":{"line":67,"column":7},"end":{"line":67,"column":21}},"37":{"start":{"line":69,"column":2},"end":{"line":69,"column":12}},"38":{"start":{"line":74,"column":1},"end":{"line":80,"column":2}},"39":{"start":{"line":75,"column":20},"end":{"line":75,"column":71}},"40":{"start":{"line":77,"column":7},"end":{"line":77,"column":20}},"41":{"start":{"line":79,"column":2},"end":{"line":79,"column":12}},"42":{"start":{"line":84,"column":1},"end":{"line":105,"column":2}},"43":{"start":{"line":85,"column":19},"end":{"line":85,"column":55}},"44":{"start":{"line":86,"column":2},"end":{"line":88,"column":3}},"45":{"start":{"line":87,"column":3},"end":{"line":87,"column":47}},"46":{"start":{"line":89,"column":2},"end":{"line":99,"column":3}},"47":{"start":{"line":90,"column":3},"end":{"line":96,"column":4}},"48":{"start":{"line":91,"column":4},"end":{"line":91,"column":25}},"49":{"start":{"line":92,"column":10},"end":{"line":96,"column":4}},"50":{"start":{"line":93,"column":4},"end":{"line":93,"column":26}},"51":{"start":{"line":95,"column":4},"end":{"line":95,"column":46}},"52":{"start":{"line":98,"column":3},"end":{"line":98,"column":84}},"53":{"start":{"line":101,"column":8},"end":{"line":101,"column":31}},"54":{"start":{"line":102,"column":2},"end":{"line":102,"column":38}},"55":{"start":{"line":104,"column":2},"end":{"line":104,"column":12}},"56":{"start":{"line":109,"column":1},"end":{"line":128,"column":2}},"57":{"start":{"line":110,"column":19},"end":{"line":110,"column":55}},"58":{"start":{"line":111,"column":2},"end":{"line":113,"column":3}},"59":{"start":{"line":112,"column":3},"end":{"line":112,"column":47}},"60":{"start":{"line":114,"column":2},"end":{"line":116,"column":3}},"61":{"start":{"line":115,"column":3},"end":{"line":115,"column":45}},"62":{"start":{"line":117,"column":2},"end":{"line":119,"column":3}},"63":{"start":{"line":118,"column":3},"end":{"line":118,"column":67}},"64":{"start":{"line":120,"column":2},"end":{"line":122,"column":3}},"65":{"start":{"line":121,"column":3},"end":{"line":121,"column":88}},"66":{"start":{"line":124,"column":8},"end":{"line":124,"column":34}},"67":{"start":{"line":125,"column":2},"end":{"line":125,"column":38}},"68":{"start":{"line":127,"column":2},"end":{"line":127,"column":12}},"69":{"start":{"line":132,"column":1},"end":{"line":137,"column":2}},"70":{"start":{"line":133,"column":19},"end":{"line":133,"column":55}},"71":{"start":{"line":134,"column":2},"end":{"line":134,"column":14}},"72":{"start":{"line":136,"column":2},"end":{"line":136,"column":12}},"73":{"start":{"line":140,"column":0},"end":{"line":150,"column":2}}},"fnMap":{"0":{"name":"searchUser","decl":{"start":{"line":4,"column":15},"end":{"line":4,"column":25}},"loc":{"start":{"line":4,"column":31},"end":{"line":14,"column":1}},"line":4},"1":{"name":"blockUser","decl":{"start":{"line":16,"column":15},"end":{"line":16,"column":24}},"loc":{"start":{"line":16,"column":34},"end":{"line":31,"column":1}},"line":16},"2":{"name":"isAdmin","decl":{"start":{"line":33,"column":15},"end":{"line":33,"column":22}},"loc":{"start":{"line":33,"column":32},"end":{"line":44,"column":1}},"line":33},"3":{"name":"unlockUser","decl":{"start":{"line":46,"column":15},"end":{"line":46,"column":25}},"loc":{"start":{"line":46,"column":35},"end":{"line":61,"column":1}},"line":46},"4":{"name":"getAdmins","decl":{"start":{"line":63,"column":15},"end":{"line":63,"column":24}},"loc":{"start":{"line":63,"column":31},"end":{"line":71,"column":1}},"line":63},"5":{"name":"getUsers","decl":{"start":{"line":73,"column":15},"end":{"line":73,"column":23}},"loc":{"start":{"line":73,"column":30},"end":{"line":81,"column":1}},"line":73},"6":{"name":"verifyUser","decl":{"start":{"line":83,"column":15},"end":{"line":83,"column":25}},"loc":{"start":{"line":83,"column":43},"end":{"line":106,"column":1}},"line":83},"7":{"name":"askForVerification","decl":{"start":{"line":108,"column":15},"end":{"line":108,"column":33}},"loc":{"start":{"line":108,"column":43},"end":{"line":129,"column":1}},"line":108},"8":{"name":"getUser","decl":{"start":{"line":131,"column":15},"end":{"line":131,"column":22}},"loc":{"start":{"line":131,"column":32},"end":{"line":138,"column":1}},"line":131}},"branchMap":{"0":{"loc":{"start":{"line":7,"column":8},"end":{"line":9,"column":9}},"type":"if","locations":[{"start":{"line":7,"column":8},"end":{"line":9,"column":9}},{"start":{},"end":{}}],"line":7},"1":{"loc":{"start":{"line":19,"column":2},"end":{"line":21,"column":3}},"type":"if","locations":[{"start":{"line":19,"column":2},"end":{"line":21,"column":3}},{"start":{},"end":{}}],"line":19},"2":{"loc":{"start":{"line":22,"column":8},"end":{"line":24,"column":3}},"type":"if","locations":[{"start":{"line":22,"column":8},"end":{"line":24,"column":3}},{"start":{},"end":{}}],"line":22},"3":{"loc":{"start":{"line":36,"column":2},"end":{"line":38,"column":3}},"type":"if","locations":[{"start":{"line":36,"column":2},"end":{"line":38,"column":3}},{"start":{},"end":{}}],"line":36},"4":{"loc":{"start":{"line":49,"column":2},"end":{"line":51,"column":3}},"type":"if","locations":[{"start":{"line":49,"column":2},"end":{"line":51,"column":3}},{"start":{},"end":{}}],"line":49},"5":{"loc":{"start":{"line":52,"column":8},"end":{"line":54,"column":3}},"type":"if","locations":[{"start":{"line":52,"column":8},"end":{"line":54,"column":3}},{"start":{},"end":{}}],"line":52},"6":{"loc":{"start":{"line":86,"column":2},"end":{"line":88,"column":3}},"type":"if","locations":[{"start":{"line":86,"column":2},"end":{"line":88,"column":3}},{"start":{},"end":{}}],"line":86},"7":{"loc":{"start":{"line":89,"column":2},"end":{"line":99,"column":3}},"type":"if","locations":[{"start":{"line":89,"column":2},"end":{"line":99,"column":3}},{"start":{"line":97,"column":9},"end":{"line":99,"column":3}}],"line":89},"8":{"loc":{"start":{"line":90,"column":3},"end":{"line":96,"column":4}},"type":"if","locations":[{"start":{"line":90,"column":3},"end":{"line":96,"column":4}},{"start":{"line":92,"column":10},"end":{"line":96,"column":4}}],"line":90},"9":{"loc":{"start":{"line":92,"column":10},"end":{"line":96,"column":4}},"type":"if","locations":[{"start":{"line":92,"column":10},"end":{"line":96,"column":4}},{"start":{"line":94,"column":10},"end":{"line":96,"column":4}}],"line":92},"10":{"loc":{"start":{"line":111,"column":2},"end":{"line":113,"column":3}},"type":"if","locations":[{"start":{"line":111,"column":2},"end":{"line":113,"column":3}},{"start":{},"end":{}}],"line":111},"11":{"loc":{"start":{"line":114,"column":2},"end":{"line":116,"column":3}},"type":"if","locations":[{"start":{"line":114,"column":2},"end":{"line":116,"column":3}},{"start":{},"end":{}}],"line":114},"12":{"loc":{"start":{"line":117,"column":2},"end":{"line":119,"column":3}},"type":"if","locations":[{"start":{"line":117,"column":2},"end":{"line":119,"column":3}},{"start":{},"end":{}}],"line":117},"13":{"loc":{"start":{"line":120,"column":2},"end":{"line":122,"column":3}},"type":"if","locations":[{"start":{"line":120,"column":2},"end":{"line":122,"column":3}},{"start":{},"end":{}}],"line":120}},"s":{"0":5,"1":5,"2":3,"3":3,"4":2,"5":1,"6":1,"7":2,"8":4,"9":4,"10":3,"11":1,"12":2,"13":1,"14":1,"15":1,"16":1,"17":3,"18":4,"19":4,"20":3,"21":1,"22":2,"23":2,"24":4,"25":4,"26":3,"27":1,"28":2,"29":1,"30":1,"31":1,"32":1,"33":3,"34":2,"35":2,"36":2,"37":0,"38":2,"39":2,"40":2,"41":0,"42":6,"43":6,"44":5,"45":1,"46":4,"47":3,"48":1,"49":2,"50":1,"51":1,"52":1,"53":2,"54":2,"55":4,"56":6,"57":6,"58":5,"59":1,"60":4,"61":1,"62":3,"63":1,"64":2,"65":1,"66":1,"67":1,"68":5,"69":2,"70":2,"71":1,"72":1,"73":5},"f":{"0":3,"1":4,"2":4,"3":4,"4":2,"5":2,"6":6,"7":6,"8":2},"b":{"0":[1,1],"1":[1,2],"2":[1,1],"3":[1,2],"4":[1,2],"5":[1,1],"6":[1,4],"7":[3,1],"8":[1,2],"9":[1,1],"10":[1,4],"11":[1,3],"12":[1,2],"13":[1,1]},"_coverageSchema":"1a1c01bbd47fc00a2c39e90264f33305004495a9","hash":"be2a3e0ab7351d1110738fb730b394fc82ef4927"}
}
