TN:
SF:src/config/mailer.js
FN:11,(anonymous_0)
FN:80,(anonymous_1)
FNF:2
FNH:2
FNDA:2,(anonymous_0)
FNDA:1,(anonymous_1)
DA:1,5
DA:2,5
DA:11,5
DA:12,2
DA:80,5
DA:81,1
LF:6
LH:6
BRF:0
BRH:0
end_of_record
TN:
SF:src/controllers/adminController.js
FN:12,(anonymous_0)
FN:17,(anonymous_1)
FN:32,(anonymous_2)
FN:46,(anonymous_3)
FN:60,(anonymous_4)
FN:74,(anonymous_5)
FN:89,(anonymous_6)
FNF:7
FNH:6
FNDA:0,(anonymous_0)
FNDA:3,(anonymous_1)
FNDA:3,(anonymous_2)
FNDA:3,(anonymous_3)
FNDA:3,(anonymous_4)
FNDA:3,(anonymous_5)
FNDA:3,(anonymous_6)
DA:1,1
DA:2,1
DA:3,1
DA:4,1
DA:5,1
DA:6,1
DA:7,1
DA:13,0
DA:17,1
DA:18,3
DA:20,3
DA:21,3
DA:22,1
DA:24,2
DA:26,1
DA:28,2
DA:32,1
DA:33,3
DA:35,3
DA:36,3
DA:37,1
DA:38,2
DA:40,1
DA:42,2
DA:46,1
DA:47,3
DA:49,3
DA:50,3
DA:51,1
DA:52,2
DA:54,1
DA:56,2
DA:60,1
DA:61,3
DA:63,3
DA:64,3
DA:65,1
DA:66,2
DA:68,1
DA:70,2
DA:74,1
DA:75,3
DA:77,3
DA:78,3
DA:79,1
DA:81,2
DA:83,1
DA:85,2
DA:89,1
DA:90,3
DA:92,3
DA:93,3
DA:94,1
DA:96,2
DA:97,1
DA:98,1
DA:100,1
DA:102,2
DA:106,1
LF:59
LH:58
BRDA:21,0,0,1
BRDA:21,0,1,2
BRDA:28,1,0,2
BRDA:28,1,1,0
BRDA:28,2,0,2
BRDA:28,2,1,0
BRDA:36,3,0,1
BRDA:36,3,1,2
BRDA:42,4,0,2
BRDA:42,4,1,0
BRDA:42,5,0,2
BRDA:42,5,1,0
BRDA:50,6,0,1
BRDA:50,6,1,2
BRDA:56,7,0,2
BRDA:56,7,1,0
BRDA:56,8,0,2
BRDA:56,8,1,0
BRDA:64,9,0,1
BRDA:64,9,1,2
BRDA:70,10,0,2
BRDA:70,10,1,0
BRDA:70,11,0,2
BRDA:70,11,1,0
BRDA:78,12,0,1
BRDA:78,12,1,2
BRDA:85,13,0,2
BRDA:85,13,1,0
BRDA:85,14,0,2
BRDA:85,14,1,0
BRDA:93,15,0,1
BRDA:93,15,1,2
BRDA:97,16,0,1
BRDA:97,16,1,0
BRDA:102,17,0,2
BRDA:102,17,1,0
BRDA:102,18,0,2
BRDA:102,18,1,0
BRF:38
BRH:25
end_of_record
TN:
SF:src/controllers/authController.js
FN:12,(anonymous_0)
FN:17,(anonymous_1)
FN:29,(anonymous_2)
FN:51,(anonymous_3)
FN:64,(anonymous_4)
FN:84,(anonymous_5)
FN:95,(anonymous_6)
FN:107,(anonymous_7)
FN:119,(anonymous_8)
FN:133,(anonymous_9)
FNF:10
FNH:9
FNDA:0,(anonymous_0)
FNDA:2,(anonymous_1)
FNDA:3,(anonymous_2)
FNDA:2,(anonymous_3)
FNDA:3,(anonymous_4)
FNDA:2,(anonymous_5)
FNDA:2,(anonymous_6)
FNDA:2,(anonymous_7)
FNDA:2,(anonymous_8)
FNDA:2,(anonymous_9)
DA:1,1
DA:2,1
DA:3,1
DA:4,1
DA:6,1
DA:7,1
DA:13,0
DA:17,1
DA:18,2
DA:20,2
DA:21,2
DA:22,1
DA:23,1
DA:25,1
DA:29,1
DA:30,3
DA:32,3
DA:33,3
DA:35,2
DA:37,2
DA:38,1
DA:39,1
DA:41,1
DA:42,1
DA:43,1
DA:44,1
DA:47,1
DA:51,1
DA:52,2
DA:54,2
DA:55,2
DA:56,1
DA:57,1
DA:59,1
DA:60,1
DA:64,1
DA:65,3
DA:67,3
DA:68,3
DA:70,2
DA:72,2
DA:73,1
DA:74,1
DA:76,1
DA:77,1
DA:80,1
DA:84,1
DA:85,2
DA:87,2
DA:88,2
DA:89,1
DA:90,1
DA:92,1
DA:95,1
DA:96,2
DA:98,2
DA:99,2
DA:100,1
DA:101,1
DA:103,1
DA:107,1
DA:108,2
DA:110,2
DA:111,2
DA:113,1
DA:115,1
DA:119,1
DA:120,2
DA:122,2
DA:123,2
DA:124,1
DA:125,1
DA:126,1
DA:127,1
DA:129,1
DA:133,1
DA:134,2
DA:136,2
DA:137,2
DA:139,1
DA:141,1
DA:145,1
LF:82
LH:81
BRDA:37,0,0,1
BRDA:37,0,1,1
BRDA:47,1,0,1
BRDA:47,1,1,0
BRDA:47,2,0,1
BRDA:47,2,1,0
BRDA:72,3,0,1
BRDA:72,3,1,1
BRDA:141,4,0,1
BRDA:141,4,1,0
BRDA:141,5,0,1
BRDA:141,5,1,0
BRF:12
BRH:8
end_of_record
TN:
SF:src/controllers/tokenController.js
FN:3,(anonymous_0)
FNF:1
FNH:1
FNDA:1,(anonymous_0)
DA:1,1
DA:3,1
DA:4,1
DA:6,1
DA:11,1
LF:5
LH:5
BRF:0
BRH:0
end_of_record
TN:
SF:src/controllers/userController.js
FN:3,(anonymous_0)
FN:15,(anonymous_1)
FN:27,(anonymous_2)
FNF:3
FNH:3
FNDA:2,(anonymous_0)
FNDA:2,(anonymous_1)
FNDA:3,(anonymous_2)
DA:1,1
DA:3,1
DA:4,2
DA:6,2
DA:7,2
DA:9,1
DA:11,1
DA:15,1
DA:16,2
DA:18,2
DA:19,2
DA:21,1
DA:23,1
DA:27,1
DA:28,3
DA:30,3
DA:31,3
DA:33,1
DA:35,2
DA:39,1
LF:20
LH:20
BRDA:35,0,0,2
BRDA:35,0,1,0
BRDA:35,1,0,2
BRDA:35,1,1,0
BRF:4
BRH:2
end_of_record
TN:
SF:src/database/authDatabase.js
FN:5,createUser
FN:31,verifyUser
FN:57,verifyUserGoogle
FN:70,getUser
FN:80,searchUser
FN:96,updateUser
FN:108,deleteUser
FN:119,isAdmin
FN:137,getUsersPagination
FNF:9
FNH:9
FNDA:4,createUser
FNDA:3,verifyUser
FNDA:2,verifyUserGoogle
FNDA:2,getUser
FNDA:2,searchUser
FNDA:2,updateUser
FNDA:2,deleteUser
FNDA:2,isAdmin
FNDA:3,getUsersPagination
DA:1,8
DA:2,8
DA:3,8
DA:6,4
DA:7,4
DA:21,3
DA:24,2
DA:26,1
DA:32,3
DA:33,3
DA:49,2
DA:50,1
DA:51,1
DA:53,1
DA:58,2
DA:59,2
DA:66,1
DA:71,2
DA:72,2
DA:76,1
DA:81,2
DA:82,2
DA:90,1
DA:92,1
DA:97,2
DA:98,2
DA:104,1
DA:109,2
DA:110,2
DA:115,1
DA:120,2
DA:121,2
DA:133,1
DA:138,3
DA:139,3
DA:140,3
DA:141,3
DA:143,3
DA:144,3
DA:145,3
DA:146,3
DA:147,3
DA:148,3
DA:149,3
DA:150,3
DA:151,3
DA:153,3
DA:154,3
DA:156,3
DA:157,3
DA:158,1
DA:160,3
DA:161,1
DA:165,3
DA:166,1
DA:169,3
DA:172,2
DA:173,2
DA:174,2
DA:175,2
DA:176,2
DA:178,2
DA:189,2
DA:191,1
DA:195,8
LF:65
LH:65
BRDA:13,0,0,0
BRDA:13,0,1,4
BRDA:21,1,0,1
BRDA:21,1,1,2
BRDA:21,1,2,1
BRDA:49,2,0,1
BRDA:49,2,1,1
BRDA:49,3,0,2
BRDA:49,3,1,1
BRDA:144,4,0,3
BRDA:144,4,1,0
BRDA:145,5,0,3
BRDA:145,5,1,0
BRDA:150,6,0,3
BRDA:150,6,1,0
BRDA:153,7,0,3
BRDA:153,7,1,0
BRDA:156,8,0,3
BRDA:156,8,1,0
BRDA:157,9,0,1
BRDA:157,9,1,2
BRDA:160,10,0,1
BRDA:160,10,1,2
BRDA:165,11,0,1
BRDA:165,11,1,2
BRDA:173,12,0,2
BRDA:173,12,1,0
BRF:27
BRH:20
end_of_record
TN:
SF:src/database/client.js
FNF:0
FNH:0
DA:1,7
DA:3,7
DA:5,7
LF:3
LH:3
BRF:0
BRH:0
end_of_record
TN:
SF:src/services/authService.js
FN:15,ecryptPassword
FN:20,signUp
FN:45,signUpConfirm
FN:62,deleteUser
FN:70,signIn
FN:86,signUpGoogle
FN:109,signInGoogle
FN:122,recoverPassword
FN:137,verifyCodeRecoverPassword
FN:153,setPassword
FN:167,signUpAdmin
FN:183,signInAdmin
FN:197,verifyAuthUser
FNF:13
FNH:13
FNDA:7,ecryptPassword
FNDA:6,signUp
FNDA:4,signUpConfirm
FNDA:1,deleteUser
FNDA:6,signIn
FNDA:4,signUpGoogle
FNDA:4,signInGoogle
FNDA:2,recoverPassword
FNDA:5,verifyCodeRecoverPassword
FNDA:3,setPassword
FNDA:5,signUpAdmin
FNDA:5,signInAdmin
FNDA:4,verifyAuthUser
DA:1,3
DA:2,3
DA:3,3
DA:4,3
DA:5,3
DA:6,3
DA:7,3
DA:9,3
DA:10,3
DA:11,3
DA:12,3
DA:13,3
DA:16,7
DA:17,7
DA:21,6
DA:22,1
DA:23,5
DA:24,1
DA:25,4
DA:26,1
DA:28,3
DA:29,3
DA:30,2
DA:31,1
DA:32,1
DA:35,2
DA:36,2
DA:37,2
DA:38,2
DA:39,2
DA:41,1
DA:46,4
DA:47,4
DA:48,3
DA:49,1
DA:51,2
DA:52,1
DA:54,1
DA:55,1
DA:56,1
DA:58,3
DA:63,1
DA:64,1
DA:66,1
DA:71,6
DA:72,1
DA:73,5
DA:74,1
DA:76,4
DA:78,3
DA:79,1
DA:80,2
DA:81,1
DA:83,1
DA:87,4
DA:88,4
DA:89,4
DA:90,3
DA:91,0
DA:92,0
DA:93,0
DA:95,3
DA:96,1
DA:98,2
DA:99,2
DA:100,2
DA:101,2
DA:102,1
DA:103,1
DA:105,1
DA:110,4
DA:111,1
DA:113,3
DA:114,3
DA:115,1
DA:116,2
DA:117,1
DA:119,1
DA:123,2
DA:124,2
DA:125,1
DA:127,1
DA:129,1
DA:130,1
DA:131,1
DA:132,1
DA:133,1
DA:134,1
DA:138,5
DA:139,5
DA:140,1
DA:142,4
DA:143,4
DA:144,4
DA:145,1
DA:147,3
DA:148,1
DA:150,2
DA:154,3
DA:155,1
DA:156,2
DA:157,2
DA:158,1
DA:160,1
DA:161,1
DA:162,1
DA:163,1
DA:164,1
DA:168,5
DA:169,1
DA:170,4
DA:171,1
DA:172,3
DA:173,1
DA:175,2
DA:176,2
DA:177,2
DA:179,1
DA:184,5
DA:185,1
DA:186,4
DA:187,1
DA:189,3
DA:191,2
DA:192,1
DA:194,1
DA:198,4
DA:199,3
DA:200,1
DA:202,2
DA:203,1
DA:205,1
DA:208,3
LF:133
LH:130
BRDA:21,0,0,1
BRDA:21,0,1,5
BRDA:21,1,0,6
BRDA:21,1,1,5
BRDA:23,2,0,1
BRDA:23,2,1,4
BRDA:25,3,0,1
BRDA:25,3,1,3
BRDA:30,4,0,1
BRDA:30,4,1,1
BRDA:31,5,0,1
BRDA:31,5,1,0
BRDA:48,6,0,1
BRDA:48,6,1,2
BRDA:51,7,0,1
BRDA:51,7,1,1
BRDA:71,8,0,1
BRDA:71,8,1,5
BRDA:71,9,0,6
BRDA:71,9,1,1
BRDA:73,10,0,1
BRDA:73,10,1,4
BRDA:78,11,0,1
BRDA:78,11,1,2
BRDA:80,12,0,1
BRDA:80,12,1,1
BRDA:95,13,0,1
BRDA:95,13,1,2
BRDA:110,14,0,1
BRDA:110,14,1,3
BRDA:114,15,0,1
BRDA:114,15,1,2
BRDA:116,16,0,1
BRDA:116,16,1,1
BRDA:124,17,0,1
BRDA:124,17,1,1
BRDA:139,18,0,1
BRDA:139,18,1,4
BRDA:144,19,0,1
BRDA:144,19,1,3
BRDA:147,20,0,1
BRDA:147,20,1,2
BRDA:154,21,0,1
BRDA:154,21,1,2
BRDA:157,22,0,1
BRDA:157,22,1,1
BRDA:168,23,0,1
BRDA:168,23,1,4
BRDA:170,24,0,1
BRDA:170,24,1,3
BRDA:172,25,0,1
BRDA:172,25,1,2
BRDA:184,26,0,1
BRDA:184,26,1,4
BRDA:186,27,0,1
BRDA:186,27,1,3
BRDA:191,28,0,1
BRDA:191,28,1,1
BRDA:199,29,0,1
BRDA:199,29,1,2
BRDA:202,30,0,1
BRDA:202,30,1,1
BRF:62
BRH:61
end_of_record
TN:
SF:src/services/exception.js
FN:2,(anonymous_0)
FNF:1
FNH:1
FNDA:95,(anonymous_0)
DA:3,95
DA:4,95
DA:8,13
LF:3
LH:3
BRF:0
BRH:0
end_of_record
TN:
SF:src/services/mail.js
FN:3,sendMailCode
FNF:1
FNH:1
FNDA:1,sendMailCode
DA:1,4
DA:4,1
DA:12,4
LF:3
LH:3
BRF:0
BRH:0
end_of_record
TN:
SF:src/services/tokenService.js
FN:4,sessionToken
FNF:1
FNH:1
FNDA:6,sessionToken
DA:1,3
DA:2,3
DA:5,6
DA:11,3
LF:4
LH:4
BRF:0
BRH:0
end_of_record
TN:
SF:src/services/userService.js
FN:4,searchUser
FN:16,blockUser
FN:33,unlockUser
FN:50,getAdmins
FN:60,getUsers
FN:70,verifyUser
FN:95,askForVerification
FN:118,blocked
FN:131,isAdmin
FN:141,getUser
FNF:10
FNH:10
FNDA:3,searchUser
FNDA:4,blockUser
FNDA:4,unlockUser
FNDA:2,getAdmins
FNDA:2,getUsers
FNDA:6,verifyUser
FNDA:6,askForVerification
FNDA:3,blocked
FNDA:2,isAdmin
FNDA:2,getUser
DA:1,5
DA:2,5
DA:5,3
DA:6,3
DA:7,2
DA:8,1
DA:10,1
DA:12,2
DA:17,4
DA:18,4
DA:19,3
DA:20,1
DA:22,2
DA:23,1
DA:25,1
DA:26,1
DA:27,1
DA:29,3
DA:34,4
DA:35,4
DA:36,3
DA:37,1
DA:39,2
DA:40,1
DA:42,1
DA:43,1
DA:44,1
DA:46,3
DA:51,2
DA:52,2
DA:54,1
DA:56,1
DA:61,2
DA:62,2
DA:64,1
DA:66,1
DA:71,6
DA:72,6
DA:73,5
DA:74,1
DA:76,4
DA:77,3
DA:78,1
DA:79,2
DA:80,1
DA:82,1
DA:85,1
DA:88,2
DA:89,2
DA:91,4
DA:96,6
DA:97,6
DA:98,5
DA:99,1
DA:101,4
DA:102,1
DA:104,3
DA:105,1
DA:107,2
DA:108,1
DA:111,1
DA:112,1
DA:114,5
DA:119,3
DA:120,3
DA:122,2
DA:123,1
DA:125,1
DA:127,2
DA:132,2
DA:133,2
DA:135,1
DA:137,1
DA:142,2
DA:143,2
DA:144,1
DA:146,1
DA:149,5
LF:78
LH:78
BRDA:7,0,0,1
BRDA:7,0,1,1
BRDA:19,1,0,1
BRDA:19,1,1,2
BRDA:22,2,0,1
BRDA:22,2,1,1
BRDA:36,3,0,1
BRDA:36,3,1,2
BRDA:39,4,0,1
BRDA:39,4,1,1
BRDA:73,5,0,1
BRDA:73,5,1,4
BRDA:76,6,0,3
BRDA:76,6,1,1
BRDA:77,7,0,1
BRDA:77,7,1,2
BRDA:79,8,0,1
BRDA:79,8,1,1
BRDA:98,9,0,1
BRDA:98,9,1,4
BRDA:101,10,0,1
BRDA:101,10,1,3
BRDA:104,11,0,1
BRDA:104,11,1,2
BRDA:107,12,0,1
BRDA:107,12,1,1
BRDA:122,13,0,1
BRDA:122,13,1,1
BRDA:131,14,0,0
BRDA:131,15,0,0
BRDA:135,16,0,1
BRDA:135,16,1,1
BRF:32
BRH:30
end_of_record
TN:
SF:src/tests/singleton.js
FN:7,(anonymous_0)
FN:9,(anonymous_1)
FNF:2
FNH:2
FNDA:1,(anonymous_0)
FNDA:22,(anonymous_1)
DA:1,1
DA:3,1
DA:5,1
DA:7,1
DA:9,1
DA:10,22
DA:13,1
LF:7
LH:7
BRF:0
BRH:0
end_of_record
