TN:
SF:src/config/mailer.js
FN:11,(anonymous_0)
FN:80,(anonymous_1)
FNF:2
FNH:1
FNDA:2,(anonymous_0)
FNDA:0,(anonymous_1)
DA:1,4
DA:2,4
DA:11,4
DA:12,2
DA:80,4
DA:81,0
LF:6
LH:5
BRF:0
BRH:0
end_of_record
TN:
SF:src/controllers/adminController.js
FN:12,(anonymous_0)
FN:17,(anonymous_1)
FN:29,(anonymous_2)
FN:41,(anonymous_3)
FN:53,(anonymous_4)
FN:66,(anonymous_5)
FN:77,(anonymous_6)
FNF:7
FNH:6
FNDA:0,(anonymous_0)
FNDA:2,(anonymous_1)
FNDA:2,(anonymous_2)
FNDA:2,(anonymous_3)
FNDA:2,(anonymous_4)
FNDA:2,(anonymous_5)
FNDA:2,(anonymous_6)
DA:1,1
DA:2,1
DA:3,1
DA:4,1
DA:5,1
DA:6,1
DA:7,1
DA:13,0
DA:17,1
DA:18,2
DA:20,2
DA:21,2
DA:23,1
DA:25,1
DA:29,1
DA:30,2
DA:32,2
DA:33,2
DA:35,1
DA:37,1
DA:41,1
DA:42,2
DA:44,2
DA:45,2
DA:46,1
DA:47,1
DA:49,1
DA:53,1
DA:54,2
DA:56,2
DA:57,2
DA:58,1
DA:59,1
DA:60,1
DA:62,1
DA:66,1
DA:67,2
DA:69,2
DA:70,2
DA:71,1
DA:73,1
DA:77,1
DA:78,2
DA:80,2
DA:81,2
DA:82,1
DA:83,1
DA:85,1
DA:87,1
DA:91,1
LF:50
LH:49
BRDA:82,0,0,1
BRDA:82,0,1,0
BRDA:87,1,0,1
BRDA:87,1,1,0
BRDA:87,2,0,1
BRDA:87,2,1,0
BRF:6
BRH:3
end_of_record
TN:
SF:src/controllers/authController.js
FN:14,(anonymous_0)
FN:19,(anonymous_1)
FN:31,(anonymous_2)
FN:53,(anonymous_3)
FN:66,(anonymous_4)
FN:86,(anonymous_5)
FN:97,(anonymous_6)
FN:109,(anonymous_7)
FN:121,(anonymous_8)
FN:135,(anonymous_9)
FN:143,(anonymous_10)
FNF:11
FNH:10
FNDA:0,(anonymous_0)
FNDA:2,(anonymous_1)
FNDA:3,(anonymous_2)
FNDA:2,(anonymous_3)
FNDA:3,(anonymous_4)
FNDA:2,(anonymous_5)
FNDA:2,(anonymous_6)
FNDA:2,(anonymous_7)
FNDA:2,(anonymous_8)
FNDA:1,(anonymous_9)
FNDA:2,(anonymous_10)
DA:1,1
DA:2,1
DA:3,1
DA:4,1
DA:5,1
DA:6,1
DA:8,1
DA:9,1
DA:15,0
DA:19,1
DA:20,2
DA:22,2
DA:23,2
DA:24,1
DA:25,1
DA:27,1
DA:31,1
DA:32,3
DA:34,3
DA:35,3
DA:37,2
DA:39,2
DA:40,1
DA:41,1
DA:43,1
DA:44,1
DA:45,1
DA:46,1
DA:49,1
DA:53,1
DA:54,2
DA:56,2
DA:57,2
DA:58,1
DA:59,1
DA:61,1
DA:62,1
DA:66,1
DA:67,3
DA:69,3
DA:70,3
DA:72,2
DA:74,2
DA:75,1
DA:76,1
DA:78,1
DA:79,1
DA:82,1
DA:86,1
DA:87,2
DA:89,2
DA:90,2
DA:91,1
DA:92,1
DA:94,1
DA:97,1
DA:98,2
DA:100,2
DA:101,2
DA:102,1
DA:103,1
DA:105,1
DA:109,1
DA:110,2
DA:112,2
DA:113,2
DA:115,1
DA:117,1
DA:121,1
DA:122,2
DA:124,2
DA:125,2
DA:126,1
DA:127,1
DA:128,1
DA:129,1
DA:131,1
DA:135,1
DA:136,1
DA:137,1
DA:139,0
DA:143,1
DA:144,2
DA:145,2
DA:146,2
DA:147,2
DA:148,2
DA:149,1
DA:151,1
DA:155,1
LF:90
LH:88
BRDA:39,0,0,1
BRDA:39,0,1,1
BRDA:49,1,0,1
BRDA:49,1,1,0
BRDA:49,2,0,1
BRDA:49,2,1,0
BRDA:74,3,0,1
BRDA:74,3,1,1
BRDA:139,4,0,0
BRDA:139,4,1,0
BRDA:139,5,0,0
BRDA:139,5,1,0
BRDA:151,6,0,1
BRDA:151,6,1,0
BRDA:151,7,0,1
BRDA:151,7,1,0
BRF:16
BRH:8
end_of_record
TN:
SF:src/controllers/tokenController.js
FN:3,(anonymous_0)
FNF:1
FNH:1
FNDA:1,(anonymous_0)
DA:1,1
DA:3,1
DA:4,1
DA:6,1
DA:11,1
LF:5
LH:5
BRF:0
BRH:0
end_of_record
TN:
SF:src/controllers/userController.js
FN:4,(anonymous_0)
FN:16,(anonymous_1)
FN:28,(anonymous_2)
FNF:3
FNH:3
FNDA:2,(anonymous_0)
FNDA:2,(anonymous_1)
FNDA:2,(anonymous_2)
DA:1,1
DA:2,1
DA:4,1
DA:5,2
DA:7,2
DA:8,2
DA:10,1
DA:12,1
DA:16,1
DA:17,2
DA:19,2
DA:20,2
DA:22,1
DA:24,1
DA:28,1
DA:29,2
DA:31,2
DA:32,2
DA:33,2
DA:34,2
DA:36,0
DA:38,2
DA:39,2
DA:41,1
DA:43,1
DA:47,1
LF:26
LH:25
BRDA:43,0,0,1
BRDA:43,0,1,0
BRDA:43,1,0,1
BRDA:43,1,1,0
BRF:4
BRH:2
end_of_record
TN:
SF:src/database/authDatabase.js
FN:5,createUser
FN:34,deleteUser
FN:50,verifyUser
FN:80,verifyUserGoogle
FN:99,getUser
FN:115,searchUser
FN:135,updateUser
FN:151,getUsersPagination
FNF:8
FNH:0
FNDA:0,createUser
FNDA:0,deleteUser
FNDA:0,verifyUser
FNDA:0,verifyUserGoogle
FNDA:0,getUser
FNDA:0,searchUser
FNDA:0,updateUser
FNDA:0,getUsersPagination
DA:1,7
DA:2,7
DA:3,7
DA:6,0
DA:7,0
DA:8,0
DA:22,0
DA:25,0
DA:27,0
DA:30,0
DA:35,0
DA:37,0
DA:38,0
DA:44,0
DA:46,0
DA:51,0
DA:53,0
DA:54,0
DA:70,0
DA:71,0
DA:72,0
DA:74,0
DA:76,0
DA:81,0
DA:83,0
DA:84,0
DA:91,0
DA:93,0
DA:95,0
DA:100,0
DA:102,0
DA:103,0
DA:107,0
DA:109,0
DA:111,0
DA:116,0
DA:118,0
DA:119,0
DA:127,0
DA:129,0
DA:131,0
DA:136,0
DA:138,0
DA:139,0
DA:145,0
DA:147,0
DA:152,0
DA:153,0
DA:154,0
DA:155,0
DA:156,0
DA:158,0
DA:159,0
DA:160,0
DA:161,0
DA:162,0
DA:163,0
DA:164,0
DA:165,0
DA:166,0
DA:168,0
DA:169,0
DA:171,0
DA:172,0
DA:173,0
DA:175,0
DA:176,0
DA:180,0
DA:181,0
DA:184,0
DA:187,0
DA:188,0
DA:189,0
DA:190,0
DA:191,0
DA:193,0
DA:204,0
DA:206,0
DA:208,0
DA:212,7
LF:80
LH:4
BRDA:14,0,0,0
BRDA:14,0,1,0
BRDA:22,1,0,0
BRDA:22,1,1,0
BRDA:22,1,2,0
BRDA:70,2,0,0
BRDA:70,2,1,0
BRDA:70,3,0,0
BRDA:70,3,1,0
BRDA:159,4,0,0
BRDA:159,4,1,0
BRDA:160,5,0,0
BRDA:160,5,1,0
BRDA:165,6,0,0
BRDA:165,6,1,0
BRDA:168,7,0,0
BRDA:168,7,1,0
BRDA:171,8,0,0
BRDA:171,8,1,0
BRDA:172,9,0,0
BRDA:172,9,1,0
BRDA:175,10,0,0
BRDA:175,10,1,0
BRDA:180,11,0,0
BRDA:180,11,1,0
BRDA:188,12,0,0
BRDA:188,12,1,0
BRF:27
BRH:0
end_of_record
TN:
SF:src/services/authService.js
FN:15,ecryptPassword
FN:20,signUp
FN:45,signUpConfirm
FN:62,deleteUser
FN:70,signIn
FN:86,signUpGoogle
FN:109,signInGoogle
FN:122,recoverPassword
FN:137,verifyCodeRecoverPassword
FN:153,setPassword
FN:167,signUpAdmin
FN:183,signInAdmin
FN:197,verifyAuthUser
FNF:13
FNH:8
FNDA:3,ecryptPassword
FNDA:6,signUp
FNDA:4,signUpConfirm
FNDA:1,deleteUser
FNDA:6,signIn
FNDA:0,signUpGoogle
FNDA:4,signInGoogle
FNDA:2,recoverPassword
FNDA:4,verifyCodeRecoverPassword
FNDA:0,setPassword
FNDA:0,signUpAdmin
FNDA:0,signInAdmin
FNDA:0,verifyAuthUser
DA:1,3
DA:2,3
DA:3,3
DA:4,3
DA:5,3
DA:6,3
DA:7,3
DA:9,3
DA:10,3
DA:11,3
DA:12,3
DA:13,3
DA:16,3
DA:17,3
DA:21,6
DA:22,1
DA:23,5
DA:24,1
DA:25,4
DA:26,1
DA:28,3
DA:29,3
DA:30,3
DA:31,0
DA:32,0
DA:35,3
DA:36,3
DA:37,3
DA:38,2
DA:39,2
DA:41,1
DA:46,4
DA:47,4
DA:48,4
DA:49,1
DA:51,3
DA:52,1
DA:54,2
DA:55,2
DA:56,2
DA:58,3
DA:63,1
DA:64,1
DA:66,1
DA:71,6
DA:72,1
DA:73,5
DA:74,3
DA:76,2
DA:78,1
DA:79,0
DA:80,1
DA:81,0
DA:83,1
DA:87,0
DA:88,0
DA:89,0
DA:90,0
DA:91,0
DA:92,0
DA:93,0
DA:95,0
DA:96,0
DA:98,0
DA:99,0
DA:100,0
DA:101,0
DA:102,0
DA:103,0
DA:105,0
DA:110,4
DA:111,1
DA:113,3
DA:114,3
DA:115,1
DA:116,2
DA:117,1
DA:119,1
DA:123,2
DA:124,2
DA:125,1
DA:127,1
DA:129,1
DA:130,1
DA:131,1
DA:132,1
DA:133,0
DA:134,0
DA:138,4
DA:139,4
DA:140,1
DA:142,3
DA:143,3
DA:144,3
DA:145,1
DA:147,2
DA:148,1
DA:150,1
DA:154,0
DA:155,0
DA:156,0
DA:157,0
DA:158,0
DA:160,0
DA:161,0
DA:162,0
DA:163,0
DA:164,0
DA:168,0
DA:169,0
DA:170,0
DA:171,0
DA:172,0
DA:173,0
DA:175,0
DA:176,0
DA:177,0
DA:179,0
DA:184,0
DA:185,0
DA:186,0
DA:187,0
DA:189,0
DA:191,0
DA:192,0
DA:194,0
DA:198,0
DA:199,0
DA:200,0
DA:202,0
DA:203,0
DA:205,0
DA:208,3
LF:133
LH:77
BRDA:21,0,0,1
BRDA:21,0,1,5
BRDA:21,1,0,6
BRDA:21,1,1,5
BRDA:23,2,0,1
BRDA:23,2,1,4
BRDA:25,3,0,1
BRDA:25,3,1,3
BRDA:30,4,0,0
BRDA:30,4,1,3
BRDA:31,5,0,0
BRDA:31,5,1,0
BRDA:48,6,0,1
BRDA:48,6,1,3
BRDA:51,7,0,1
BRDA:51,7,1,2
BRDA:71,8,0,1
BRDA:71,8,1,5
BRDA:71,9,0,6
BRDA:71,9,1,1
BRDA:73,10,0,3
BRDA:73,10,1,2
BRDA:78,11,0,0
BRDA:78,11,1,1
BRDA:80,12,0,0
BRDA:80,12,1,1
BRDA:95,13,0,0
BRDA:95,13,1,0
BRDA:110,14,0,1
BRDA:110,14,1,3
BRDA:114,15,0,1
BRDA:114,15,1,2
BRDA:116,16,0,1
BRDA:116,16,1,1
BRDA:124,17,0,1
BRDA:124,17,1,1
BRDA:139,18,0,1
BRDA:139,18,1,3
BRDA:144,19,0,1
BRDA:144,19,1,2
BRDA:147,20,0,1
BRDA:147,20,1,1
BRDA:154,21,0,0
BRDA:154,21,1,0
BRDA:157,22,0,0
BRDA:157,22,1,0
BRDA:168,23,0,0
BRDA:168,23,1,0
BRDA:170,24,0,0
BRDA:170,24,1,0
BRDA:172,25,0,0
BRDA:172,25,1,0
BRDA:184,26,0,0
BRDA:184,26,1,0
BRDA:186,27,0,0
BRDA:186,27,1,0
BRDA:191,28,0,0
BRDA:191,28,1,0
BRDA:199,29,0,0
BRDA:199,29,1,0
BRDA:202,30,0,0
BRDA:202,30,1,0
BRF:62
BRH:35
end_of_record
TN:
SF:src/services/exception.js
FN:2,(anonymous_0)
FNF:1
FNH:1
FNDA:59,(anonymous_0)
DA:3,59
DA:4,59
DA:8,12
LF:3
LH:3
BRF:0
BRH:0
end_of_record
TN:
SF:src/services/mail.js
FN:3,sendMailCode
FNF:1
FNH:0
FNDA:0,sendMailCode
DA:1,3
DA:4,0
DA:12,3
LF:3
LH:2
BRF:0
BRH:0
end_of_record
TN:
SF:src/services/tokenService.js
FN:3,sessionToken
FNF:1
FNH:1
FNDA:6,sessionToken
DA:1,3
DA:4,6
DA:9,3
LF:3
LH:3
BRF:0
BRH:0
end_of_record
TN:
SF:src/services/userService.js
FN:4,searchUser
FN:16,blockUser
FN:33,isAdmin
FN:46,unlockUser
FN:63,getAdmins
FN:73,getUsers
FN:83,verifyUser
FN:108,askForVerification
FN:131,getUser
FNF:9
FNH:9
FNDA:3,searchUser
FNDA:4,blockUser
FNDA:4,isAdmin
FNDA:4,unlockUser
FNDA:2,getAdmins
FNDA:2,getUsers
FNDA:6,verifyUser
FNDA:6,askForVerification
FNDA:2,getUser
DA:1,5
DA:2,5
DA:5,3
DA:6,3
DA:7,2
DA:8,1
DA:10,1
DA:12,2
DA:17,4
DA:18,4
DA:19,3
DA:20,1
DA:22,2
DA:23,1
DA:25,1
DA:26,1
DA:27,1
DA:29,3
DA:34,4
DA:35,4
DA:36,3
DA:37,1
DA:40,2
DA:42,2
DA:47,4
DA:48,4
DA:49,3
DA:50,1
DA:52,2
DA:53,1
DA:55,1
DA:56,1
DA:57,1
DA:59,3
DA:64,2
DA:65,2
DA:67,2
DA:69,0
DA:74,2
DA:75,2
DA:77,2
DA:79,0
DA:84,6
DA:85,6
DA:86,5
DA:87,1
DA:89,4
DA:90,3
DA:91,1
DA:92,2
DA:93,1
DA:95,1
DA:98,1
DA:101,2
DA:102,2
DA:104,4
DA:109,6
DA:110,6
DA:111,5
DA:112,1
DA:114,4
DA:115,1
DA:117,3
DA:118,1
DA:120,2
DA:121,1
DA:124,1
DA:125,1
DA:127,5
DA:132,2
DA:133,2
DA:134,1
DA:136,1
DA:140,5
LF:74
LH:72
BRDA:7,0,0,1
BRDA:7,0,1,1
BRDA:19,1,0,1
BRDA:19,1,1,2
BRDA:22,2,0,1
BRDA:22,2,1,1
BRDA:36,3,0,1
BRDA:36,3,1,2
BRDA:49,4,0,1
BRDA:49,4,1,2
BRDA:52,5,0,1
BRDA:52,5,1,1
BRDA:86,6,0,1
BRDA:86,6,1,4
BRDA:89,7,0,3
BRDA:89,7,1,1
BRDA:90,8,0,1
BRDA:90,8,1,2
BRDA:92,9,0,1
BRDA:92,9,1,1
BRDA:111,10,0,1
BRDA:111,10,1,4
BRDA:114,11,0,1
BRDA:114,11,1,3
BRDA:117,12,0,1
BRDA:117,12,1,2
BRDA:120,13,0,1
BRDA:120,13,1,1
BRF:28
BRH:28
end_of_record
